<?xml version="1.0" encoding="UTF-8"?>
<coverage generated="1554297909">
  <project timestamp="1554297909">
    <file name="/var/www/html/codeigniter/application/controllers/Archive.php">
      <class name="Archive" namespace="global">
        <metrics complexity="3" methods="3" coveredmethods="0" conditionals="0" coveredconditionals="0" statements="10" coveredstatements="0" elements="13" coveredelements="0"/>
      </class>
      <line num="2" type="stmt" count="0"/>
      <line num="3" type="stmt" count="0"/>
      <line num="5" type="stmt" count="0"/>
      <line num="9" type="method" name="__Construct" visibility="public" complexity="1" crap="2.00" count="0"/>
      <line num="10" type="stmt" count="0"/>
      <line num="11" type="stmt" count="0"/>
      <line num="12" type="stmt" count="0"/>
      <line num="13" type="method" name="setarchive" visibility="public" complexity="1" crap="2.00" count="0"/>
      <line num="14" type="stmt" count="0"/>
      <line num="15" type="stmt" count="0"/>
      <line num="16" type="stmt" count="0"/>
      <line num="17" type="stmt" count="0"/>
      <line num="18" type="method" name="setarchivedisplay" visibility="public" complexity="1" crap="2.00" count="0"/>
      <line num="19" type="stmt" count="0"/>
      <line num="20" type="stmt" count="0"/>
      <line num="21" type="stmt" count="0"/>
      <metrics loc="21" ncloc="21" classes="1" methods="3" coveredmethods="0" conditionals="0" coveredconditionals="0" statements="13" coveredstatements="0" elements="16" coveredelements="0"/>
    </file>
    <file name="/var/www/html/codeigniter/application/controllers/Deletenote.php">
      <class name="Deletenote" namespace="global">
        <metrics complexity="2" methods="2" coveredmethods="0" conditionals="0" coveredconditionals="0" statements="8" coveredstatements="0" elements="10" coveredelements="0"/>
      </class>
      <line num="2" type="stmt" count="0"/>
      <line num="3" type="stmt" count="0"/>
      <line num="5" type="stmt" count="0"/>
      <line num="9" type="method" name="__construct" visibility="public" complexity="1" crap="2.00" count="0"/>
      <line num="10" type="stmt" count="0"/>
      <line num="11" type="stmt" count="0"/>
      <line num="12" type="stmt" count="0"/>
      <line num="13" type="method" name="deleted" visibility="public" complexity="1" crap="2.00" count="0"/>
      <line num="14" type="stmt" count="0"/>
      <line num="15" type="stmt" count="0"/>
      <line num="16" type="stmt" count="0"/>
      <line num="17" type="stmt" count="0"/>
      <line num="18" type="stmt" count="0"/>
      <metrics loc="19" ncloc="19" classes="1" methods="2" coveredmethods="0" conditionals="0" coveredconditionals="0" statements="11" coveredstatements="0" elements="13" coveredelements="0"/>
    </file>
    <file name="/var/www/html/codeigniter/application/controllers/Editnotes.php">
      <class name="Editnotes" namespace="global">
        <metrics complexity="3" methods="3" coveredmethods="0" conditionals="0" coveredconditionals="0" statements="14" coveredstatements="0" elements="17" coveredelements="0"/>
      </class>
      <line num="2" type="stmt" count="0"/>
      <line num="3" type="stmt" count="0"/>
      <line num="4" type="stmt" count="0"/>
      <line num="8" type="method" name="__Construct" visibility="public" complexity="1" crap="2.00" count="0"/>
      <line num="9" type="stmt" count="0"/>
      <line num="10" type="stmt" count="0"/>
      <line num="12" type="stmt" count="0"/>
      <line num="13" type="method" name="edit" visibility="public" complexity="1" crap="2.00" count="0"/>
      <line num="14" type="stmt" count="0"/>
      <line num="15" type="stmt" count="0"/>
      <line num="16" type="stmt" count="0"/>
      <line num="17" type="stmt" count="0"/>
      <line num="18" type="stmt" count="0"/>
      <line num="19" type="stmt" count="0"/>
      <line num="20" type="method" name="coloring" visibility="public" complexity="1" crap="2.00" count="0"/>
      <line num="21" type="stmt" count="0"/>
      <line num="22" type="stmt" count="0"/>
      <line num="23" type="stmt" count="0"/>
      <line num="24" type="stmt" count="0"/>
      <line num="25" type="stmt" count="0"/>
      <metrics loc="25" ncloc="25" classes="1" methods="3" coveredmethods="0" conditionals="0" coveredconditionals="0" statements="17" coveredstatements="0" elements="20" coveredelements="0"/>
    </file>
    <file name="/var/www/html/codeigniter/application/controllers/Forgotpassword.php">
      <class name="Forgotpassword" namespace="global">
        <metrics complexity="2" methods="2" coveredmethods="0" conditionals="0" coveredconditionals="0" statements="8" coveredstatements="0" elements="10" coveredelements="0"/>
      </class>
      <line num="2" type="stmt" count="0"/>
      <line num="3" type="stmt" count="0"/>
      <line num="4" type="stmt" count="0"/>
      <line num="5" type="stmt" count="0"/>
      <line num="9" type="method" name="__construct" visibility="public" complexity="1" crap="2.00" count="0"/>
      <line num="10" type="stmt" count="0"/>
      <line num="11" type="stmt" count="0"/>
      <line num="12" type="stmt" count="0"/>
      <line num="13" type="stmt" count="0"/>
      <line num="14" type="method" name="forgot" visibility="public" complexity="1" crap="2.00" count="0"/>
      <line num="15" type="stmt" count="0"/>
      <line num="16" type="stmt" count="0"/>
      <line num="17" type="stmt" count="0"/>
      <line num="18" type="stmt" count="0"/>
      <metrics loc="20" ncloc="20" classes="1" methods="2" coveredmethods="0" conditionals="0" coveredconditionals="0" statements="12" coveredstatements="0" elements="14" coveredelements="0"/>
    </file>
    <file name="/var/www/html/codeigniter/application/controllers/Login.php">
      <class name="Login" namespace="global">
        <metrics complexity="2" methods="2" coveredmethods="0" conditionals="0" coveredconditionals="0" statements="9" coveredstatements="0" elements="11" coveredelements="0"/>
      </class>
      <line num="2" type="stmt" count="0"/>
      <line num="3" type="stmt" count="0"/>
      <line num="4" type="stmt" count="0"/>
      <line num="5" type="stmt" count="0"/>
      <line num="9" type="method" name="__construct" visibility="public" complexity="1" crap="2.00" count="0"/>
      <line num="10" type="stmt" count="0"/>
      <line num="11" type="stmt" count="0"/>
      <line num="12" type="stmt" count="0"/>
      <line num="13" type="stmt" count="0"/>
      <line num="14" type="method" name="login" visibility="public" complexity="1" crap="2.00" count="0"/>
      <line num="15" type="stmt" count="0"/>
      <line num="16" type="stmt" count="0"/>
      <line num="17" type="stmt" count="0"/>
      <line num="18" type="stmt" count="0"/>
      <line num="19" type="stmt" count="0"/>
      <metrics loc="20" ncloc="20" classes="1" methods="2" coveredmethods="0" conditionals="0" coveredconditionals="0" statements="13" coveredstatements="0" elements="15" coveredelements="0"/>
    </file>
    <file name="/var/www/html/codeigniter/application/controllers/Mycontroller.php">
      <class name="Mycontroller" namespace="global">
        <metrics complexity="6" methods="6" coveredmethods="0" conditionals="0" coveredconditionals="0" statements="29" coveredstatements="0" elements="35" coveredelements="0"/>
      </class>
      <line num="2" type="stmt" count="0"/>
      <line num="3" type="stmt" count="0"/>
      <line num="4" type="stmt" count="0"/>
      <line num="11" type="method" name="_construct" complexity="1" crap="2.00" count="0"/>
      <line num="12" type="stmt" count="0"/>
      <line num="13" type="stmt" count="0"/>
      <line num="14" type="stmt" count="0"/>
      <line num="18" type="method" name="findall_get" visibility="public" complexity="1" crap="2.00" count="0"/>
      <line num="19" type="stmt" count="0"/>
      <line num="20" type="stmt" count="0"/>
      <line num="21" type="stmt" count="0"/>
      <line num="26" type="method" name="find_get" visibility="public" complexity="1" crap="2.00" count="0"/>
      <line num="27" type="stmt" count="0"/>
      <line num="28" type="stmt" count="0"/>
      <line num="29" type="stmt" count="0"/>
      <line num="34" type="method" name="create_post" visibility="public" complexity="1" crap="2.00" count="0"/>
      <line num="35" type="stmt" count="0"/>
      <line num="36" type="stmt" count="0"/>
      <line num="37" type="stmt" count="0"/>
      <line num="38" type="stmt" count="0"/>
      <line num="39" type="stmt" count="0"/>
      <line num="40" type="stmt" count="0"/>
      <line num="41" type="stmt" count="0"/>
      <line num="42" type="stmt" count="0"/>
      <line num="43" type="stmt" count="0"/>
      <line num="47" type="method" name="update_put" visibility="public" complexity="1" crap="2.00" count="0"/>
      <line num="48" type="stmt" count="0"/>
      <line num="49" type="stmt" count="0"/>
      <line num="50" type="stmt" count="0"/>
      <line num="51" type="stmt" count="0"/>
      <line num="52" type="stmt" count="0"/>
      <line num="53" type="stmt" count="0"/>
      <line num="54" type="stmt" count="0"/>
      <line num="55" type="stmt" count="0"/>
      <line num="59" type="method" name="delete_delete" visibility="public" complexity="1" crap="2.00" count="0"/>
      <line num="60" type="stmt" count="0"/>
      <line num="61" type="stmt" count="0"/>
      <line num="62" type="stmt" count="0"/>
      <metrics loc="62" ncloc="44" classes="1" methods="6" coveredmethods="0" conditionals="0" coveredconditionals="0" statements="32" coveredstatements="0" elements="38" coveredelements="0"/>
    </file>
    <file name="/var/www/html/codeigniter/application/controllers/Note.php">
      <class name="Note" namespace="global">
        <metrics complexity="3" methods="3" coveredmethods="0" conditionals="0" coveredconditionals="0" statements="16" coveredstatements="0" elements="19" coveredelements="0"/>
      </class>
      <line num="2" type="stmt" count="0"/>
      <line num="3" type="stmt" count="0"/>
      <line num="4" type="stmt" count="0"/>
      <line num="5" type="stmt" count="0"/>
      <line num="8" type="method" name="__construct" complexity="1" crap="2.00" count="0"/>
      <line num="9" type="stmt" count="0"/>
      <line num="10" type="stmt" count="0"/>
      <line num="11" type="stmt" count="0"/>
      <line num="12" type="stmt" count="0"/>
      <line num="13" type="method" name="noteregister" visibility="public" complexity="1" crap="2.00" count="0"/>
      <line num="14" type="stmt" count="0"/>
      <line num="15" type="stmt" count="0"/>
      <line num="16" type="stmt" count="0"/>
      <line num="17" type="stmt" count="0"/>
      <line num="19" type="stmt" count="0"/>
      <line num="20" type="stmt" count="0"/>
      <line num="21" type="stmt" count="0"/>
      <line num="22" type="method" name="createlabel" visibility="public" complexity="1" crap="2.00" count="0"/>
      <line num="23" type="stmt" count="0"/>
      <line num="24" type="stmt" count="0"/>
      <line num="25" type="stmt" count="0"/>
      <line num="26" type="stmt" count="0"/>
      <line num="27" type="stmt" count="0"/>
      <metrics loc="27" ncloc="25" classes="1" methods="3" coveredmethods="0" conditionals="0" coveredconditionals="0" statements="20" coveredstatements="0" elements="23" coveredelements="0"/>
    </file>
    <file name="/var/www/html/codeigniter/application/controllers/Reminder.php">
      <class name="Reminder" namespace="global">
        <metrics complexity="3" methods="3" coveredmethods="0" conditionals="0" coveredconditionals="0" statements="10" coveredstatements="0" elements="13" coveredelements="0"/>
      </class>
      <line num="2" type="stmt" count="0"/>
      <line num="3" type="stmt" count="0"/>
      <line num="4" type="stmt" count="0"/>
      <line num="5" type="stmt" count="0"/>
      <line num="9" type="method" name="__construct" visibility="public" complexity="1" crap="2.00" count="0"/>
      <line num="10" type="stmt" count="0"/>
      <line num="11" type="stmt" count="0"/>
      <line num="12" type="stmt" count="0"/>
      <line num="13" type="method" name="setreminder" visibility="public" complexity="1" crap="2.00" count="0"/>
      <line num="14" type="stmt" count="0"/>
      <line num="15" type="stmt" count="0"/>
      <line num="16" type="stmt" count="0"/>
      <line num="17" type="method" name="insertreminder" visibility="public" complexity="1" crap="2.00" count="0"/>
      <line num="18" type="stmt" count="0"/>
      <line num="19" type="stmt" count="0"/>
      <line num="20" type="stmt" count="0"/>
      <line num="21" type="stmt" count="0"/>
      <metrics loc="21" ncloc="21" classes="1" methods="3" coveredmethods="0" conditionals="0" coveredconditionals="0" statements="14" coveredstatements="0" elements="17" coveredelements="0"/>
    </file>
    <file name="/var/www/html/codeigniter/application/controllers/Resetpassword.php">
      <class name="Resetpassword" namespace="global">
        <metrics complexity="3" methods="3" coveredmethods="0" conditionals="0" coveredconditionals="0" statements="13" coveredstatements="0" elements="16" coveredelements="0"/>
      </class>
      <line num="2" type="stmt" count="0"/>
      <line num="3" type="stmt" count="0"/>
      <line num="4" type="stmt" count="0"/>
      <line num="5" type="stmt" count="0"/>
      <line num="9" type="method" name="__construct" visibility="public" complexity="1" crap="2.00" count="0"/>
      <line num="10" type="stmt" count="0"/>
      <line num="11" type="stmt" count="0"/>
      <line num="12" type="stmt" count="0"/>
      <line num="13" type="stmt" count="0"/>
      <line num="14" type="method" name="reset" visibility="public" complexity="1" crap="2.00" count="0"/>
      <line num="15" type="stmt" count="0"/>
      <line num="16" type="stmt" count="0"/>
      <line num="17" type="stmt" count="0"/>
      <line num="18" type="stmt" count="0"/>
      <line num="19" type="stmt" count="0"/>
      <line num="20" type="method" name="getemail" visibility="public" complexity="1" crap="2.00" count="0"/>
      <line num="21" type="stmt" count="0"/>
      <line num="22" type="stmt" count="0"/>
      <line num="23" type="stmt" count="0"/>
      <line num="24" type="stmt" count="0"/>
      <metrics loc="24" ncloc="24" classes="1" methods="3" coveredmethods="0" conditionals="0" coveredconditionals="0" statements="17" coveredstatements="0" elements="20" coveredelements="0"/>
    </file>
    <file name="/var/www/html/codeigniter/application/controllers/Selected.php">
      <class name="Selected" namespace="global">
        <metrics complexity="3" methods="3" coveredmethods="0" conditionals="0" coveredconditionals="0" statements="12" coveredstatements="0" elements="15" coveredelements="0"/>
      </class>
      <line num="2" type="stmt" count="0"/>
      <line num="3" type="stmt" count="0"/>
      <line num="4" type="stmt" count="0"/>
      <line num="5" type="stmt" count="0"/>
      <line num="9" type="method" name="__construct" complexity="1" crap="2.00" count="0"/>
      <line num="10" type="stmt" count="0"/>
      <line num="11" type="stmt" count="0"/>
      <line num="12" type="stmt" count="0"/>
      <line num="13" type="stmt" count="0"/>
      <line num="14" type="method" name="calling" visibility="public" complexity="1" crap="2.00" count="0"/>
      <line num="15" type="stmt" count="0"/>
      <line num="16" type="stmt" count="0"/>
      <line num="17" type="stmt" count="0"/>
      <line num="18" type="stmt" count="0"/>
      <line num="19" type="method" name="calllabel" visibility="public" complexity="1" crap="2.00" count="0"/>
      <line num="20" type="stmt" count="0"/>
      <line num="21" type="stmt" count="0"/>
      <line num="22" type="stmt" count="0"/>
      <line num="23" type="stmt" count="0"/>
      <metrics loc="23" ncloc="23" classes="1" methods="3" coveredmethods="0" conditionals="0" coveredconditionals="0" statements="16" coveredstatements="0" elements="19" coveredelements="0"/>
    </file>
    <file name="/var/www/html/codeigniter/application/controllers/Signin.php">
      <class name="Signin" namespace="global">
        <metrics complexity="2" methods="2" coveredmethods="0" conditionals="0" coveredconditionals="0" statements="11" coveredstatements="0" elements="13" coveredelements="0"/>
      </class>
      <line num="2" type="stmt" count="0"/>
      <line num="3" type="stmt" count="0"/>
      <line num="4" type="stmt" count="0"/>
      <line num="5" type="stmt" count="0"/>
      <line num="14" type="method" name="__construct" visibility="public" complexity="1" crap="2.00" count="0"/>
      <line num="15" type="stmt" count="0"/>
      <line num="16" type="stmt" count="0"/>
      <line num="17" type="stmt" count="0"/>
      <line num="18" type="stmt" count="0"/>
      <line num="25" type="method" name="insertion" visibility="public" complexity="1" crap="2.00" count="0"/>
      <line num="26" type="stmt" count="0"/>
      <line num="27" type="stmt" count="0"/>
      <line num="28" type="stmt" count="0"/>
      <line num="29" type="stmt" count="0"/>
      <line num="30" type="stmt" count="0"/>
      <line num="32" type="stmt" count="0"/>
      <line num="33" type="stmt" count="0"/>
      <metrics loc="34" ncloc="23" classes="1" methods="2" coveredmethods="0" conditionals="0" coveredconditionals="0" statements="15" coveredstatements="0" elements="17" coveredelements="0"/>
    </file>
    <file name="/var/www/html/codeigniter/application/controllers/Welcome.php">
      <class name="Welcome" namespace="global">
        <metrics complexity="18" methods="4" coveredmethods="0" conditionals="0" coveredconditionals="0" statements="94" coveredstatements="0" elements="98" coveredelements="0"/>
      </class>
      <line num="2" type="stmt" count="0"/>
      <line num="20" type="method" name="index" visibility="public" complexity="1" crap="2.00" count="0"/>
      <line num="21" type="stmt" count="0"/>
      <line num="22" type="stmt" count="0"/>
      <line num="23" type="stmt" count="0"/>
      <line num="27" type="method" name="add" visibility="public" complexity="9" crap="90.00" count="0"/>
      <line num="28" type="stmt" count="0"/>
      <line num="29" type="stmt" count="0"/>
      <line num="30" type="stmt" count="0"/>
      <line num="31" type="stmt" count="0"/>
      <line num="34" type="stmt" count="0"/>
      <line num="35" type="stmt" count="0"/>
      <line num="36" type="stmt" count="0"/>
      <line num="37" type="stmt" count="0"/>
      <line num="38" type="stmt" count="0"/>
      <line num="41" type="stmt" count="0"/>
      <line num="42" type="stmt" count="0"/>
      <line num="43" type="stmt" count="0"/>
      <line num="44" type="stmt" count="0"/>
      <line num="45" type="stmt" count="0"/>
      <line num="48" type="stmt" count="0"/>
      <line num="49" type="stmt" count="0"/>
      <line num="50" type="stmt" count="0"/>
      <line num="51" type="stmt" count="0"/>
      <line num="52" type="stmt" count="0"/>
      <line num="55" type="stmt" count="0"/>
      <line num="56" type="stmt" count="0"/>
      <line num="57" type="stmt" count="0"/>
      <line num="58" type="stmt" count="0"/>
      <line num="59" type="stmt" count="0"/>
      <line num="62" type="stmt" count="0"/>
      <line num="63" type="stmt" count="0"/>
      <line num="64" type="stmt" count="0"/>
      <line num="65" type="stmt" count="0"/>
      <line num="66" type="stmt" count="0"/>
      <line num="68" type="stmt" count="0"/>
      <line num="70" type="stmt" count="0"/>
      <line num="73" type="stmt" count="0"/>
      <line num="75" type="stmt" count="0"/>
      <line num="76" type="stmt" count="0"/>
      <line num="77" type="stmt" count="0"/>
      <line num="79" type="stmt" count="0"/>
      <line num="80" type="stmt" count="0"/>
      <line num="81" type="stmt" count="0"/>
      <line num="82" type="stmt" count="0"/>
      <line num="83" type="stmt" count="0"/>
      <line num="84" type="stmt" count="0"/>
      <line num="85" type="stmt" count="0"/>
      <line num="86" type="stmt" count="0"/>
      <line num="88" type="method" name="login" visibility="public" complexity="5" crap="30.00" count="0"/>
      <line num="89" type="stmt" count="0"/>
      <line num="91" type="stmt" count="0"/>
      <line num="92" type="stmt" count="0"/>
      <line num="93" type="stmt" count="0"/>
      <line num="96" type="stmt" count="0"/>
      <line num="97" type="stmt" count="0"/>
      <line num="98" type="stmt" count="0"/>
      <line num="99" type="stmt" count="0"/>
      <line num="100" type="stmt" count="0"/>
      <line num="103" type="stmt" count="0"/>
      <line num="104" type="stmt" count="0"/>
      <line num="105" type="stmt" count="0"/>
      <line num="106" type="stmt" count="0"/>
      <line num="107" type="stmt" count="0"/>
      <line num="110" type="stmt" count="0"/>
      <line num="111" type="stmt" count="0"/>
      <line num="112" type="stmt" count="0"/>
      <line num="113" type="stmt" count="0"/>
      <line num="114" type="stmt" count="0"/>
      <line num="115" type="stmt" count="0"/>
      <line num="116" type="stmt" count="0"/>
      <line num="117" type="stmt" count="0"/>
      <line num="118" type="stmt" count="0"/>
      <line num="119" type="stmt" count="0"/>
      <line num="120" type="stmt" count="0"/>
      <line num="121" type="stmt" count="0"/>
      <line num="122" type="stmt" count="0"/>
      <line num="123" type="stmt" count="0"/>
      <line num="125" type="method" name="finddetails" visibility="public" complexity="3" crap="12.00" count="0"/>
      <line num="126" type="stmt" count="0"/>
      <line num="128" type="stmt" count="0"/>
      <line num="131" type="stmt" count="0"/>
      <line num="132" type="stmt" count="0"/>
      <line num="135" type="stmt" count="0"/>
      <line num="136" type="stmt" count="0"/>
      <line num="138" type="stmt" count="0"/>
      <line num="139" type="stmt" count="0"/>
      <line num="140" type="stmt" count="0"/>
      <line num="141" type="stmt" count="0"/>
      <line num="142" type="stmt" count="0"/>
      <line num="143" type="stmt" count="0"/>
      <line num="144" type="stmt" count="0"/>
      <line num="145" type="stmt" count="0"/>
      <line num="146" type="stmt" count="0"/>
      <line num="147" type="stmt" count="0"/>
      <line num="148" type="stmt" count="0"/>
      <line num="149" type="stmt" count="0"/>
      <line num="150" type="stmt" count="0"/>
      <line num="151" type="stmt" count="0"/>
      <metrics loc="152" ncloc="100" classes="1" methods="4" coveredmethods="0" conditionals="0" coveredconditionals="0" statements="95" coveredstatements="0" elements="99" coveredelements="0"/>
    </file>
    <package name="Restserver\Libraries">
      <file name="/var/www/html/codeigniter/application/libraries/Format.php">
        <class name="Restserver\Libraries\Format" namespace="Restserver\Libraries">
          <metrics complexity="65" methods="14" coveredmethods="0" conditionals="0" coveredconditionals="0" statements="219" coveredstatements="0" elements="233" coveredelements="0"/>
        </class>
        <line num="5" type="stmt" count="0"/>
        <line num="85" type="method" name="__construct" visibility="public" complexity="3" crap="12.00" count="0"/>
        <line num="86" type="stmt" count="0"/>
        <line num="88" type="stmt" count="0"/>
        <line num="91" type="stmt" count="0"/>
        <line num="94" type="stmt" count="0"/>
        <line num="95" type="stmt" count="0"/>
        <line num="96" type="stmt" count="0"/>
        <line num="97" type="stmt" count="0"/>
        <line num="98" type="stmt" count="0"/>
        <line num="99" type="stmt" count="0"/>
        <line num="100" type="stmt" count="0"/>
        <line num="101" type="stmt" count="0"/>
        <line num="102" type="stmt" count="0"/>
        <line num="103" type="stmt" count="0"/>
        <line num="104" type="stmt" count="0"/>
        <line num="107" type="stmt" count="0"/>
        <line num="108" type="stmt" count="0"/>
        <line num="119" type="method" name="factory" visibility="public" complexity="1" crap="2.00" count="0"/>
        <line num="120" type="stmt" count="0"/>
        <line num="124" type="stmt" count="0"/>
        <line num="125" type="stmt" count="0"/>
        <line num="136" type="method" name="to_array" visibility="public" complexity="7" crap="56.00" count="0"/>
        <line num="137" type="stmt" count="0"/>
        <line num="140" type="stmt" count="0"/>
        <line num="141" type="stmt" count="0"/>
        <line num="142" type="stmt" count="0"/>
        <line num="143" type="stmt" count="0"/>
        <line num="146" type="stmt" count="0"/>
        <line num="147" type="stmt" count="0"/>
        <line num="148" type="stmt" count="0"/>
        <line num="149" type="stmt" count="0"/>
        <line num="151" type="stmt" count="0"/>
        <line num="152" type="stmt" count="0"/>
        <line num="153" type="stmt" count="0"/>
        <line num="154" type="stmt" count="0"/>
        <line num="155" type="stmt" count="0"/>
        <line num="156" type="stmt" count="0"/>
        <line num="157" type="stmt" count="0"/>
        <line num="158" type="stmt" count="0"/>
        <line num="159" type="stmt" count="0"/>
        <line num="160" type="stmt" count="0"/>
        <line num="161" type="stmt" count="0"/>
        <line num="162" type="stmt" count="0"/>
        <line num="164" type="stmt" count="0"/>
        <line num="165" type="stmt" count="0"/>
        <line num="176" type="method" name="to_xml" visibility="public" complexity="17" crap="306.00" count="0"/>
        <line num="177" type="stmt" count="0"/>
        <line num="178" type="stmt" count="0"/>
        <line num="179" type="stmt" count="0"/>
        <line num="180" type="stmt" count="0"/>
        <line num="181" type="stmt" count="0"/>
        <line num="183" type="stmt" count="0"/>
        <line num="184" type="stmt" count="0"/>
        <line num="185" type="stmt" count="0"/>
        <line num="186" type="stmt" count="0"/>
        <line num="189" type="stmt" count="0"/>
        <line num="190" type="stmt" count="0"/>
        <line num="191" type="stmt" count="0"/>
        <line num="192" type="stmt" count="0"/>
        <line num="194" type="stmt" count="0"/>
        <line num="195" type="stmt" count="0"/>
        <line num="198" type="stmt" count="0"/>
        <line num="199" type="stmt" count="0"/>
        <line num="200" type="stmt" count="0"/>
        <line num="201" type="stmt" count="0"/>
        <line num="204" type="stmt" count="0"/>
        <line num="205" type="stmt" count="0"/>
        <line num="207" type="stmt" count="0"/>
        <line num="208" type="stmt" count="0"/>
        <line num="211" type="stmt" count="0"/>
        <line num="213" type="stmt" count="0"/>
        <line num="214" type="stmt" count="0"/>
        <line num="215" type="stmt" count="0"/>
        <line num="216" type="stmt" count="0"/>
        <line num="217" type="stmt" count="0"/>
        <line num="218" type="stmt" count="0"/>
        <line num="219" type="stmt" count="0"/>
        <line num="221" type="stmt" count="0"/>
        <line num="222" type="stmt" count="0"/>
        <line num="223" type="stmt" count="0"/>
        <line num="224" type="stmt" count="0"/>
        <line num="225" type="stmt" count="0"/>
        <line num="227" type="stmt" count="0"/>
        <line num="228" type="stmt" count="0"/>
        <line num="229" type="stmt" count="0"/>
        <line num="232" type="stmt" count="0"/>
        <line num="233" type="stmt" count="0"/>
        <line num="234" type="stmt" count="0"/>
        <line num="235" type="stmt" count="0"/>
        <line num="237" type="stmt" count="0"/>
        <line num="239" type="stmt" count="0"/>
        <line num="240" type="stmt" count="0"/>
        <line num="241" type="stmt" count="0"/>
        <line num="243" type="stmt" count="0"/>
        <line num="244" type="stmt" count="0"/>
        <line num="253" type="method" name="to_html" visibility="public" complexity="7" crap="56.00" count="0"/>
        <line num="254" type="stmt" count="0"/>
        <line num="257" type="stmt" count="0"/>
        <line num="258" type="stmt" count="0"/>
        <line num="259" type="stmt" count="0"/>
        <line num="260" type="stmt" count="0"/>
        <line num="263" type="stmt" count="0"/>
        <line num="264" type="stmt" count="0"/>
        <line num="265" type="stmt" count="0"/>
        <line num="266" type="stmt" count="0"/>
        <line num="269" type="stmt" count="0"/>
        <line num="270" type="stmt" count="0"/>
        <line num="272" type="stmt" count="0"/>
        <line num="273" type="stmt" count="0"/>
        <line num="274" type="stmt" count="0"/>
        <line num="275" type="stmt" count="0"/>
        <line num="277" type="stmt" count="0"/>
        <line num="278" type="stmt" count="0"/>
        <line num="279" type="stmt" count="0"/>
        <line num="282" type="stmt" count="0"/>
        <line num="284" type="stmt" count="0"/>
        <line num="286" type="stmt" count="0"/>
        <line num="287" type="stmt" count="0"/>
        <line num="290" type="stmt" count="0"/>
        <line num="292" type="stmt" count="0"/>
        <line num="293" type="stmt" count="0"/>
        <line num="295" type="stmt" count="0"/>
        <line num="296" type="stmt" count="0"/>
        <line num="308" type="method" name="to_csv" visibility="public" complexity="11" crap="132.00" count="0"/>
        <line num="309" type="stmt" count="0"/>
        <line num="311" type="stmt" count="0"/>
        <line num="312" type="stmt" count="0"/>
        <line num="313" type="stmt" count="0"/>
        <line num="314" type="stmt" count="0"/>
        <line num="315" type="stmt" count="0"/>
        <line num="319" type="stmt" count="0"/>
        <line num="320" type="stmt" count="0"/>
        <line num="321" type="stmt" count="0"/>
        <line num="322" type="stmt" count="0"/>
        <line num="325" type="stmt" count="0"/>
        <line num="326" type="stmt" count="0"/>
        <line num="327" type="stmt" count="0"/>
        <line num="328" type="stmt" count="0"/>
        <line num="331" type="stmt" count="0"/>
        <line num="332" type="stmt" count="0"/>
        <line num="333" type="stmt" count="0"/>
        <line num="334" type="stmt" count="0"/>
        <line num="337" type="stmt" count="0"/>
        <line num="338" type="stmt" count="0"/>
        <line num="339" type="stmt" count="0"/>
        <line num="340" type="stmt" count="0"/>
        <line num="343" type="stmt" count="0"/>
        <line num="344" type="stmt" count="0"/>
        <line num="346" type="stmt" count="0"/>
        <line num="347" type="stmt" count="0"/>
        <line num="348" type="stmt" count="0"/>
        <line num="349" type="stmt" count="0"/>
        <line num="351" type="stmt" count="0"/>
        <line num="352" type="stmt" count="0"/>
        <line num="353" type="stmt" count="0"/>
        <line num="356" type="stmt" count="0"/>
        <line num="358" type="stmt" count="0"/>
        <line num="359" type="stmt" count="0"/>
        <line num="362" type="stmt" count="0"/>
        <line num="363" type="stmt" count="0"/>
        <line num="364" type="stmt" count="0"/>
        <line num="365" type="stmt" count="0"/>
        <line num="369" type="stmt" count="0"/>
        <line num="372" type="stmt" count="0"/>
        <line num="373" type="stmt" count="0"/>
        <line num="376" type="stmt" count="0"/>
        <line num="379" type="stmt" count="0"/>
        <line num="382" type="stmt" count="0"/>
        <line num="385" type="stmt" count="0"/>
        <line num="387" type="stmt" count="0"/>
        <line num="388" type="stmt" count="0"/>
        <line num="397" type="method" name="to_json" visibility="public" complexity="5" crap="30.00" count="0"/>
        <line num="398" type="stmt" count="0"/>
        <line num="401" type="stmt" count="0"/>
        <line num="402" type="stmt" count="0"/>
        <line num="403" type="stmt" count="0"/>
        <line num="404" type="stmt" count="0"/>
        <line num="407" type="stmt" count="0"/>
        <line num="409" type="stmt" count="0"/>
        <line num="410" type="stmt" count="0"/>
        <line num="411" type="stmt" count="0"/>
        <line num="412" type="stmt" count="0"/>
        <line num="415" type="stmt" count="0"/>
        <line num="416" type="stmt" count="0"/>
        <line num="418" type="stmt" count="0"/>
        <line num="419" type="stmt" count="0"/>
        <line num="423" type="stmt" count="0"/>
        <line num="425" type="stmt" count="0"/>
        <line num="426" type="stmt" count="0"/>
        <line num="435" type="method" name="to_serialized" visibility="public" complexity="3" crap="12.00" count="0"/>
        <line num="436" type="stmt" count="0"/>
        <line num="439" type="stmt" count="0"/>
        <line num="440" type="stmt" count="0"/>
        <line num="441" type="stmt" count="0"/>
        <line num="442" type="stmt" count="0"/>
        <line num="444" type="stmt" count="0"/>
        <line num="445" type="stmt" count="0"/>
        <line num="454" type="method" name="to_php" visibility="public" complexity="3" crap="12.00" count="0"/>
        <line num="455" type="stmt" count="0"/>
        <line num="458" type="stmt" count="0"/>
        <line num="459" type="stmt" count="0"/>
        <line num="460" type="stmt" count="0"/>
        <line num="461" type="stmt" count="0"/>
        <line num="463" type="stmt" count="0"/>
        <line num="464" type="stmt" count="0"/>
        <line num="472" type="method" name="_from_xml" visibility="protected" complexity="2" crap="6.00" count="0"/>
        <line num="473" type="stmt" count="0"/>
        <line num="474" type="stmt" count="0"/>
        <line num="475" type="stmt" count="0"/>
        <line num="486" type="method" name="_from_csv" visibility="protected" complexity="3" crap="12.00" count="0"/>
        <line num="487" type="stmt" count="0"/>
        <line num="489" type="stmt" count="0"/>
        <line num="490" type="stmt" count="0"/>
        <line num="491" type="stmt" count="0"/>
        <line num="492" type="stmt" count="0"/>
        <line num="495" type="stmt" count="0"/>
        <line num="496" type="stmt" count="0"/>
        <line num="497" type="stmt" count="0"/>
        <line num="498" type="stmt" count="0"/>
        <line num="500" type="stmt" count="0"/>
        <line num="501" type="stmt" count="0"/>
        <line num="507" type="method" name="_from_json" visibility="protected" complexity="1" crap="2.00" count="0"/>
        <line num="508" type="stmt" count="0"/>
        <line num="509" type="stmt" count="0"/>
        <line num="510" type="stmt" count="0"/>
        <line num="516" type="method" name="_from_serialize" visibility="protected" complexity="1" crap="2.00" count="0"/>
        <line num="517" type="stmt" count="0"/>
        <line num="518" type="stmt" count="0"/>
        <line num="519" type="stmt" count="0"/>
        <line num="525" type="method" name="_from_php" visibility="protected" complexity="1" crap="2.00" count="0"/>
        <line num="526" type="stmt" count="0"/>
        <line num="527" type="stmt" count="0"/>
        <line num="528" type="stmt" count="0"/>
        <metrics loc="529" ncloc="266" classes="1" methods="14" coveredmethods="0" conditionals="0" coveredconditionals="0" statements="220" coveredstatements="0" elements="234" coveredelements="0"/>
      </file>
      <file name="/var/www/html/codeigniter/application/libraries/REST_Controller.php">
        <class name="Restserver\Libraries\REST_Controller" namespace="Restserver\Libraries" fullPackage="CodeIgniter.Libraries" category="Libraries" package="CodeIgniter" subpackage="Libraries">
          <metrics complexity="286" methods="48" coveredmethods="0" conditionals="0" coveredconditionals="0" statements="1075" coveredstatements="0" elements="1123" coveredelements="0"/>
        </class>
        <line num="8" type="stmt" count="0"/>
        <line num="384" type="method" name="early_checks" visibility="protected" complexity="1" crap="2.00" count="0"/>
        <line num="385" type="stmt" count="0"/>
        <line num="386" type="stmt" count="0"/>
        <line num="395" type="method" name="__construct" visibility="public" complexity="28" crap="812.00" count="0"/>
        <line num="396" type="stmt" count="0"/>
        <line num="397" type="stmt" count="0"/>
        <line num="399" type="stmt" count="0"/>
        <line num="402" type="stmt" count="0"/>
        <line num="406" type="stmt" count="0"/>
        <line num="409" type="stmt" count="0"/>
        <line num="410" type="stmt" count="0"/>
        <line num="412" type="stmt" count="0"/>
        <line num="413" type="stmt" count="0"/>
        <line num="416" type="stmt" count="0"/>
        <line num="431" type="stmt" count="0"/>
        <line num="434" type="stmt" count="0"/>
        <line num="435" type="stmt" count="0"/>
        <line num="436" type="stmt" count="0"/>
        <line num="437" type="stmt" count="0"/>
        <line num="439" type="stmt" count="0"/>
        <line num="440" type="stmt" count="0"/>
        <line num="441" type="stmt" count="0"/>
        <line num="442" type="stmt" count="0"/>
        <line num="445" type="stmt" count="0"/>
        <line num="446" type="stmt" count="0"/>
        <line num="447" type="stmt" count="0"/>
        <line num="448" type="stmt" count="0"/>
        <line num="449" type="stmt" count="0"/>
        <line num="452" type="stmt" count="0"/>
        <line num="455" type="stmt" count="0"/>
        <line num="456" type="stmt" count="0"/>
        <line num="457" type="stmt" count="0"/>
        <line num="458" type="stmt" count="0"/>
        <line num="459" type="stmt" count="0"/>
        <line num="462" type="stmt" count="0"/>
        <line num="465" type="stmt" count="0"/>
        <line num="466" type="stmt" count="0"/>
        <line num="467" type="stmt" count="0"/>
        <line num="470" type="stmt" count="0"/>
        <line num="471" type="stmt" count="0"/>
        <line num="472" type="stmt" count="0"/>
        <line num="473" type="stmt" count="0"/>
        <line num="476" type="stmt" count="0"/>
        <line num="479" type="stmt" count="0"/>
        <line num="482" type="stmt" count="0"/>
        <line num="483" type="stmt" count="0"/>
        <line num="484" type="stmt" count="0"/>
        <line num="485" type="stmt" count="0"/>
        <line num="486" type="stmt" count="0"/>
        <line num="489" type="stmt" count="0"/>
        <line num="490" type="stmt" count="0"/>
        <line num="491" type="stmt" count="0"/>
        <line num="492" type="stmt" count="0"/>
        <line num="495" type="stmt" count="0"/>
        <line num="498" type="stmt" count="0"/>
        <line num="501" type="stmt" count="0"/>
        <line num="504" type="stmt" count="0"/>
        <line num="506" type="stmt" count="0"/>
        <line num="509" type="stmt" count="0"/>
        <line num="510" type="stmt" count="0"/>
        <line num="511" type="stmt" count="0"/>
        <line num="512" type="stmt" count="0"/>
        <line num="515" type="stmt" count="0"/>
        <line num="518" type="stmt" count="0"/>
        <line num="521" type="stmt" count="0"/>
        <line num="522" type="stmt" count="0"/>
        <line num="523" type="stmt" count="0"/>
        <line num="526" type="stmt" count="0"/>
        <line num="527" type="stmt" count="0"/>
        <line num="530" type="stmt" count="0"/>
        <line num="533" type="stmt" count="0"/>
        <line num="534" type="stmt" count="0"/>
        <line num="535" type="stmt" count="0"/>
        <line num="536" type="stmt" count="0"/>
        <line num="537" type="stmt" count="0"/>
        <line num="538" type="stmt" count="0"/>
        <line num="539" type="stmt" count="0"/>
        <line num="540" type="stmt" count="0"/>
        <line num="541" type="stmt" count="0"/>
        <line num="542" type="stmt" count="0"/>
        <line num="545" type="stmt" count="0"/>
        <line num="548" type="stmt" count="0"/>
        <line num="549" type="stmt" count="0"/>
        <line num="550" type="stmt" count="0"/>
        <line num="551" type="stmt" count="0"/>
        <line num="554" type="stmt" count="0"/>
        <line num="555" type="stmt" count="0"/>
        <line num="556" type="stmt" count="0"/>
        <line num="557" type="stmt" count="0"/>
        <line num="561" type="stmt" count="0"/>
        <line num="565" type="stmt" count="0"/>
        <line num="566" type="stmt" count="0"/>
        <line num="567" type="stmt" count="0"/>
        <line num="568" type="stmt" count="0"/>
        <line num="571" type="stmt" count="0"/>
        <line num="572" type="stmt" count="0"/>
        <line num="574" type="stmt" count="0"/>
        <line num="575" type="stmt" count="0"/>
        <line num="576" type="stmt" count="0"/>
        <line num="577" type="stmt" count="0"/>
        <line num="578" type="stmt" count="0"/>
        <line num="581" type="stmt" count="0"/>
        <line num="582" type="stmt" count="0"/>
        <line num="583" type="stmt" count="0"/>
        <line num="584" type="stmt" count="0"/>
        <line num="585" type="stmt" count="0"/>
        <line num="586" type="stmt" count="0"/>
        <line num="587" type="stmt" count="0"/>
        <line num="588" type="stmt" count="0"/>
        <line num="589" type="stmt" count="0"/>
        <line num="590" type="stmt" count="0"/>
        <line num="591" type="stmt" count="0"/>
        <line num="592" type="stmt" count="0"/>
        <line num="593" type="stmt" count="0"/>
        <line num="594" type="stmt" count="0"/>
        <line num="595" type="stmt" count="0"/>
        <line num="596" type="stmt" count="0"/>
        <line num="597" type="stmt" count="0"/>
        <line num="598" type="stmt" count="0"/>
        <line num="599" type="stmt" count="0"/>
        <line num="604" type="method" name="get_local_config" visibility="private" complexity="3" crap="12.00" count="0"/>
        <line num="605" type="stmt" count="0"/>
        <line num="606" type="stmt" count="0"/>
        <line num="607" type="stmt" count="0"/>
        <line num="608" type="stmt" count="0"/>
        <line num="609" type="stmt" count="0"/>
        <line num="611" type="stmt" count="0"/>
        <line num="612" type="stmt" count="0"/>
        <line num="613" type="stmt" count="0"/>
        <line num="614" type="stmt" count="0"/>
        <line num="615" type="stmt" count="0"/>
        <line num="617" type="stmt" count="0"/>
        <line num="618" type="stmt" count="0"/>
        <line num="627" type="method" name="__destruct" visibility="public" complexity="2" crap="6.00" count="0"/>
        <line num="628" type="stmt" count="0"/>
        <line num="630" type="stmt" count="0"/>
        <line num="631" type="stmt" count="0"/>
        <line num="633" type="stmt" count="0"/>
        <line num="635" type="stmt" count="0"/>
        <line num="636" type="stmt" count="0"/>
        <line num="637" type="stmt" count="0"/>
        <line num="645" type="method" name="preflight_checks" visibility="protected" complexity="3" crap="12.00" count="0"/>
        <line num="646" type="stmt" count="0"/>
        <line num="648" type="stmt" count="0"/>
        <line num="649" type="stmt" count="0"/>
        <line num="651" type="stmt" count="0"/>
        <line num="652" type="stmt" count="0"/>
        <line num="655" type="stmt" count="0"/>
        <line num="656" type="stmt" count="0"/>
        <line num="657" type="stmt" count="0"/>
        <line num="658" type="stmt" count="0"/>
        <line num="659" type="stmt" count="0"/>
        <line num="671" type="method" name="_remap" visibility="public" complexity="35" crap="1260.00" count="0"/>
        <line num="672" type="stmt" count="0"/>
        <line num="674" type="stmt" count="0"/>
        <line num="675" type="stmt" count="0"/>
        <line num="676" type="stmt" count="0"/>
        <line num="677" type="stmt" count="0"/>
        <line num="678" type="stmt" count="0"/>
        <line num="679" type="stmt" count="0"/>
        <line num="680" type="stmt" count="0"/>
        <line num="683" type="stmt" count="0"/>
        <line num="685" type="stmt" count="0"/>
        <line num="687" type="stmt" count="0"/>
        <line num="688" type="stmt" count="0"/>
        <line num="689" type="stmt" count="0"/>
        <line num="690" type="stmt" count="0"/>
        <line num="693" type="stmt" count="0"/>
        <line num="696" type="stmt" count="0"/>
        <line num="699" type="stmt" count="0"/>
        <line num="700" type="stmt" count="0"/>
        <line num="701" type="stmt" count="0"/>
        <line num="702" type="stmt" count="0"/>
        <line num="703" type="stmt" count="0"/>
        <line num="704" type="stmt" count="0"/>
        <line num="707" type="stmt" count="0"/>
        <line num="708" type="stmt" count="0"/>
        <line num="709" type="stmt" count="0"/>
        <line num="711" type="stmt" count="0"/>
        <line num="712" type="stmt" count="0"/>
        <line num="713" type="stmt" count="0"/>
        <line num="714" type="stmt" count="0"/>
        <line num="715" type="stmt" count="0"/>
        <line num="718" type="stmt" count="0"/>
        <line num="719" type="stmt" count="0"/>
        <line num="720" type="stmt" count="0"/>
        <line num="721" type="stmt" count="0"/>
        <line num="722" type="stmt" count="0"/>
        <line num="723" type="stmt" count="0"/>
        <line num="725" type="stmt" count="0"/>
        <line num="726" type="stmt" count="0"/>
        <line num="727" type="stmt" count="0"/>
        <line num="728" type="stmt" count="0"/>
        <line num="729" type="stmt" count="0"/>
        <line num="732" type="stmt" count="0"/>
        <line num="733" type="stmt" count="0"/>
        <line num="734" type="stmt" count="0"/>
        <line num="735" type="stmt" count="0"/>
        <line num="736" type="stmt" count="0"/>
        <line num="737" type="stmt" count="0"/>
        <line num="738" type="stmt" count="0"/>
        <line num="741" type="stmt" count="0"/>
        <line num="742" type="stmt" count="0"/>
        <line num="744" type="stmt" count="0"/>
        <line num="745" type="stmt" count="0"/>
        <line num="746" type="stmt" count="0"/>
        <line num="747" type="stmt" count="0"/>
        <line num="748" type="stmt" count="0"/>
        <line num="751" type="stmt" count="0"/>
        <line num="754" type="stmt" count="0"/>
        <line num="756" type="stmt" count="0"/>
        <line num="757" type="stmt" count="0"/>
        <line num="758" type="stmt" count="0"/>
        <line num="759" type="stmt" count="0"/>
        <line num="760" type="stmt" count="0"/>
        <line num="761" type="stmt" count="0"/>
        <line num="763" type="stmt" count="0"/>
        <line num="764" type="stmt" count="0"/>
        <line num="765" type="stmt" count="0"/>
        <line num="766" type="stmt" count="0"/>
        <line num="769" type="stmt" count="0"/>
        <line num="770" type="stmt" count="0"/>
        <line num="771" type="stmt" count="0"/>
        <line num="772" type="stmt" count="0"/>
        <line num="773" type="stmt" count="0"/>
        <line num="776" type="stmt" count="0"/>
        <line num="777" type="stmt" count="0"/>
        <line num="778" type="stmt" count="0"/>
        <line num="779" type="stmt" count="0"/>
        <line num="782" type="stmt" count="0"/>
        <line num="783" type="stmt" count="0"/>
        <line num="784" type="stmt" count="0"/>
        <line num="785" type="stmt" count="0"/>
        <line num="786" type="stmt" count="0"/>
        <line num="787" type="stmt" count="0"/>
        <line num="788" type="stmt" count="0"/>
        <line num="789" type="stmt" count="0"/>
        <line num="790" type="stmt" count="0"/>
        <line num="791" type="stmt" count="0"/>
        <line num="792" type="stmt" count="0"/>
        <line num="795" type="stmt" count="0"/>
        <line num="796" type="stmt" count="0"/>
        <line num="797" type="stmt" count="0"/>
        <line num="798" type="stmt" count="0"/>
        <line num="809" type="method" name="response" visibility="public" complexity="13" crap="182.00" count="0"/>
        <line num="810" type="stmt" count="0"/>
        <line num="812" type="stmt" count="0"/>
        <line num="813" type="stmt" count="0"/>
        <line num="814" type="stmt" count="0"/>
        <line num="816" type="stmt" count="0"/>
        <line num="817" type="stmt" count="0"/>
        <line num="819" type="stmt" count="0"/>
        <line num="820" type="stmt" count="0"/>
        <line num="823" type="stmt" count="0"/>
        <line num="826" type="stmt" count="0"/>
        <line num="827" type="stmt" count="0"/>
        <line num="828" type="stmt" count="0"/>
        <line num="829" type="stmt" count="0"/>
        <line num="832" type="stmt" count="0"/>
        <line num="833" type="stmt" count="0"/>
        <line num="835" type="stmt" count="0"/>
        <line num="836" type="stmt" count="0"/>
        <line num="838" type="stmt" count="0"/>
        <line num="839" type="stmt" count="0"/>
        <line num="843" type="stmt" count="0"/>
        <line num="844" type="stmt" count="0"/>
        <line num="845" type="stmt" count="0"/>
        <line num="846" type="stmt" count="0"/>
        <line num="847" type="stmt" count="0"/>
        <line num="848" type="stmt" count="0"/>
        <line num="849" type="stmt" count="0"/>
        <line num="851" type="stmt" count="0"/>
        <line num="852" type="stmt" count="0"/>
        <line num="853" type="stmt" count="0"/>
        <line num="854" type="stmt" count="0"/>
        <line num="857" type="stmt" count="0"/>
        <line num="858" type="stmt" count="0"/>
        <line num="859" type="stmt" count="0"/>
        <line num="864" type="stmt" count="0"/>
        <line num="866" type="stmt" count="0"/>
        <line num="869" type="stmt" count="0"/>
        <line num="870" type="stmt" count="0"/>
        <line num="871" type="stmt" count="0"/>
        <line num="872" type="stmt" count="0"/>
        <line num="875" type="stmt" count="0"/>
        <line num="877" type="stmt" count="0"/>
        <line num="878" type="stmt" count="0"/>
        <line num="880" type="stmt" count="0"/>
        <line num="881" type="stmt" count="0"/>
        <line num="882" type="stmt" count="0"/>
        <line num="883" type="stmt" count="0"/>
        <line num="884" type="stmt" count="0"/>
        <line num="885" type="stmt" count="0"/>
        <line num="886" type="stmt" count="0"/>
        <line num="889" type="stmt" count="0"/>
        <line num="890" type="stmt" count="0"/>
        <line num="891" type="stmt" count="0"/>
        <line num="892" type="stmt" count="0"/>
        <line num="893" type="stmt" count="0"/>
        <line num="905" type="method" name="set_response" visibility="public" complexity="1" crap="2.00" count="0"/>
        <line num="906" type="stmt" count="0"/>
        <line num="907" type="stmt" count="0"/>
        <line num="908" type="stmt" count="0"/>
        <line num="916" type="method" name="_detect_input_format" visibility="protected" complexity="5" crap="30.00" count="0"/>
        <line num="917" type="stmt" count="0"/>
        <line num="919" type="stmt" count="0"/>
        <line num="921" type="stmt" count="0"/>
        <line num="922" type="stmt" count="0"/>
        <line num="925" type="stmt" count="0"/>
        <line num="928" type="stmt" count="0"/>
        <line num="929" type="stmt" count="0"/>
        <line num="934" type="stmt" count="0"/>
        <line num="935" type="stmt" count="0"/>
        <line num="936" type="stmt" count="0"/>
        <line num="937" type="stmt" count="0"/>
        <line num="938" type="stmt" count="0"/>
        <line num="939" type="stmt" count="0"/>
        <line num="941" type="stmt" count="0"/>
        <line num="942" type="stmt" count="0"/>
        <line num="952" type="method" name="_get_default_output_format" visibility="protected" complexity="2" crap="6.00" count="0"/>
        <line num="953" type="stmt" count="0"/>
        <line num="954" type="stmt" count="0"/>
        <line num="955" type="stmt" count="0"/>
        <line num="956" type="stmt" count="0"/>
        <line num="964" type="method" name="_detect_output_format" visibility="protected" complexity="15" crap="240.00" count="0"/>
        <line num="965" type="stmt" count="0"/>
        <line num="967" type="stmt" count="0"/>
        <line num="968" type="stmt" count="0"/>
        <line num="971" type="stmt" count="0"/>
        <line num="972" type="stmt" count="0"/>
        <line num="973" type="stmt" count="0"/>
        <line num="974" type="stmt" count="0"/>
        <line num="977" type="stmt" count="0"/>
        <line num="978" type="stmt" count="0"/>
        <line num="979" type="stmt" count="0"/>
        <line num="981" type="stmt" count="0"/>
        <line num="982" type="stmt" count="0"/>
        <line num="983" type="stmt" count="0"/>
        <line num="984" type="stmt" count="0"/>
        <line num="985" type="stmt" count="0"/>
        <line num="988" type="stmt" count="0"/>
        <line num="991" type="stmt" count="0"/>
        <line num="992" type="stmt" count="0"/>
        <line num="994" type="stmt" count="0"/>
        <line num="995" type="stmt" count="0"/>
        <line num="997" type="stmt" count="0"/>
        <line num="998" type="stmt" count="0"/>
        <line num="999" type="stmt" count="0"/>
        <line num="1000" type="stmt" count="0"/>
        <line num="1002" type="stmt" count="0"/>
        <line num="1003" type="stmt" count="0"/>
        <line num="1004" type="stmt" count="0"/>
        <line num="1005" type="stmt" count="0"/>
        <line num="1008" type="stmt" count="0"/>
        <line num="1009" type="stmt" count="0"/>
        <line num="1010" type="stmt" count="0"/>
        <line num="1011" type="stmt" count="0"/>
        <line num="1013" type="stmt" count="0"/>
        <line num="1014" type="stmt" count="0"/>
        <line num="1015" type="stmt" count="0"/>
        <line num="1016" type="stmt" count="0"/>
        <line num="1017" type="stmt" count="0"/>
        <line num="1020" type="stmt" count="0"/>
        <line num="1021" type="stmt" count="0"/>
        <line num="1022" type="stmt" count="0"/>
        <line num="1023" type="stmt" count="0"/>
        <line num="1026" type="stmt" count="0"/>
        <line num="1027" type="stmt" count="0"/>
        <line num="1035" type="method" name="_detect_method" visibility="protected" complexity="6" crap="42.00" count="0"/>
        <line num="1036" type="stmt" count="0"/>
        <line num="1038" type="stmt" count="0"/>
        <line num="1041" type="stmt" count="0"/>
        <line num="1042" type="stmt" count="0"/>
        <line num="1043" type="stmt" count="0"/>
        <line num="1044" type="stmt" count="0"/>
        <line num="1045" type="stmt" count="0"/>
        <line num="1046" type="stmt" count="0"/>
        <line num="1047" type="stmt" count="0"/>
        <line num="1049" type="stmt" count="0"/>
        <line num="1050" type="stmt" count="0"/>
        <line num="1052" type="stmt" count="0"/>
        <line num="1053" type="stmt" count="0"/>
        <line num="1055" type="stmt" count="0"/>
        <line num="1056" type="stmt" count="0"/>
        <line num="1058" type="stmt" count="0"/>
        <line num="1059" type="stmt" count="0"/>
        <line num="1067" type="method" name="_detect_api_key" visibility="protected" complexity="11" crap="132.00" count="0"/>
        <line num="1068" type="stmt" count="0"/>
        <line num="1070" type="stmt" count="0"/>
        <line num="1073" type="stmt" count="0"/>
        <line num="1075" type="stmt" count="0"/>
        <line num="1076" type="stmt" count="0"/>
        <line num="1077" type="stmt" count="0"/>
        <line num="1078" type="stmt" count="0"/>
        <line num="1081" type="stmt" count="0"/>
        <line num="1082" type="stmt" count="0"/>
        <line num="1083" type="stmt" count="0"/>
        <line num="1084" type="stmt" count="0"/>
        <line num="1085" type="stmt" count="0"/>
        <line num="1086" type="stmt" count="0"/>
        <line num="1088" type="stmt" count="0"/>
        <line num="1090" type="stmt" count="0"/>
        <line num="1091" type="stmt" count="0"/>
        <line num="1092" type="stmt" count="0"/>
        <line num="1094" type="stmt" count="0"/>
        <line num="1100" type="stmt" count="0"/>
        <line num="1101" type="stmt" count="0"/>
        <line num="1103" type="stmt" count="0"/>
        <line num="1104" type="stmt" count="0"/>
        <line num="1106" type="stmt" count="0"/>
        <line num="1107" type="stmt" count="0"/>
        <line num="1108" type="stmt" count="0"/>
        <line num="1110" type="stmt" count="0"/>
        <line num="1111" type="stmt" count="0"/>
        <line num="1112" type="stmt" count="0"/>
        <line num="1113" type="stmt" count="0"/>
        <line num="1115" type="stmt" count="0"/>
        <line num="1116" type="stmt" count="0"/>
        <line num="1117" type="stmt" count="0"/>
        <line num="1118" type="stmt" count="0"/>
        <line num="1120" type="stmt" count="0"/>
        <line num="1121" type="stmt" count="0"/>
        <line num="1122" type="stmt" count="0"/>
        <line num="1123" type="stmt" count="0"/>
        <line num="1125" type="stmt" count="0"/>
        <line num="1126" type="stmt" count="0"/>
        <line num="1127" type="stmt" count="0"/>
        <line num="1129" type="stmt" count="0"/>
        <line num="1130" type="stmt" count="0"/>
        <line num="1133" type="stmt" count="0"/>
        <line num="1134" type="stmt" count="0"/>
        <line num="1142" type="method" name="_detect_lang" visibility="protected" complexity="4" crap="20.00" count="0"/>
        <line num="1143" type="stmt" count="0"/>
        <line num="1144" type="stmt" count="0"/>
        <line num="1145" type="stmt" count="0"/>
        <line num="1146" type="stmt" count="0"/>
        <line num="1147" type="stmt" count="0"/>
        <line num="1148" type="stmt" count="0"/>
        <line num="1151" type="stmt" count="0"/>
        <line num="1152" type="stmt" count="0"/>
        <line num="1153" type="stmt" count="0"/>
        <line num="1155" type="stmt" count="0"/>
        <line num="1156" type="stmt" count="0"/>
        <line num="1157" type="stmt" count="0"/>
        <line num="1159" type="stmt" count="0"/>
        <line num="1160" type="stmt" count="0"/>
        <line num="1161" type="stmt" count="0"/>
        <line num="1163" type="stmt" count="0"/>
        <line num="1164" type="stmt" count="0"/>
        <line num="1167" type="stmt" count="0"/>
        <line num="1168" type="stmt" count="0"/>
        <line num="1177" type="method" name="_log_request" visibility="protected" complexity="4" crap="20.00" count="0"/>
        <line num="1178" type="stmt" count="0"/>
        <line num="1180" type="stmt" count="0"/>
        <line num="1181" type="stmt" count="0"/>
        <line num="1182" type="stmt" count="0"/>
        <line num="1183" type="stmt" count="0"/>
        <line num="1184" type="stmt" count="0"/>
        <line num="1185" type="stmt" count="0"/>
        <line num="1186" type="stmt" count="0"/>
        <line num="1187" type="stmt" count="0"/>
        <line num="1188" type="stmt" count="0"/>
        <line num="1189" type="stmt" count="0"/>
        <line num="1190" type="stmt" count="0"/>
        <line num="1193" type="stmt" count="0"/>
        <line num="1195" type="stmt" count="0"/>
        <line num="1196" type="stmt" count="0"/>
        <line num="1205" type="method" name="_check_limit" visibility="protected" complexity="13" crap="182.00" count="0"/>
        <line num="1206" type="stmt" count="0"/>
        <line num="1208" type="stmt" count="0"/>
        <line num="1209" type="stmt" count="0"/>
        <line num="1211" type="stmt" count="0"/>
        <line num="1212" type="stmt" count="0"/>
        <line num="1214" type="stmt" count="0"/>
        <line num="1216" type="stmt" count="0"/>
        <line num="1217" type="stmt" count="0"/>
        <line num="1218" type="stmt" count="0"/>
        <line num="1219" type="stmt" count="0"/>
        <line num="1220" type="stmt" count="0"/>
        <line num="1221" type="stmt" count="0"/>
        <line num="1223" type="stmt" count="0"/>
        <line num="1224" type="stmt" count="0"/>
        <line num="1225" type="stmt" count="0"/>
        <line num="1227" type="stmt" count="0"/>
        <line num="1228" type="stmt" count="0"/>
        <line num="1229" type="stmt" count="0"/>
        <line num="1231" type="stmt" count="0"/>
        <line num="1232" type="stmt" count="0"/>
        <line num="1233" type="stmt" count="0"/>
        <line num="1234" type="stmt" count="0"/>
        <line num="1235" type="stmt" count="0"/>
        <line num="1236" type="stmt" count="0"/>
        <line num="1237" type="stmt" count="0"/>
        <line num="1238" type="stmt" count="0"/>
        <line num="1239" type="stmt" count="0"/>
        <line num="1240" type="stmt" count="0"/>
        <line num="1242" type="stmt" count="0"/>
        <line num="1243" type="stmt" count="0"/>
        <line num="1245" type="stmt" count="0"/>
        <line num="1246" type="stmt" count="0"/>
        <line num="1249" type="stmt" count="0"/>
        <line num="1251" type="stmt" count="0"/>
        <line num="1254" type="stmt" count="0"/>
        <line num="1255" type="stmt" count="0"/>
        <line num="1256" type="stmt" count="0"/>
        <line num="1257" type="stmt" count="0"/>
        <line num="1258" type="stmt" count="0"/>
        <line num="1261" type="stmt" count="0"/>
        <line num="1262" type="stmt" count="0"/>
        <line num="1264" type="stmt" count="0"/>
        <line num="1265" type="stmt" count="0"/>
        <line num="1266" type="stmt" count="0"/>
        <line num="1267" type="stmt" count="0"/>
        <line num="1268" type="stmt" count="0"/>
        <line num="1269" type="stmt" count="0"/>
        <line num="1270" type="stmt" count="0"/>
        <line num="1273" type="stmt" count="0"/>
        <line num="1274" type="stmt" count="0"/>
        <line num="1276" type="stmt" count="0"/>
        <line num="1277" type="stmt" count="0"/>
        <line num="1278" type="stmt" count="0"/>
        <line num="1279" type="stmt" count="0"/>
        <line num="1280" type="stmt" count="0"/>
        <line num="1281" type="stmt" count="0"/>
        <line num="1282" type="stmt" count="0"/>
        <line num="1285" type="stmt" count="0"/>
        <line num="1286" type="stmt" count="0"/>
        <line num="1288" type="stmt" count="0"/>
        <line num="1289" type="stmt" count="0"/>
        <line num="1290" type="stmt" count="0"/>
        <line num="1291" type="stmt" count="0"/>
        <line num="1294" type="stmt" count="0"/>
        <line num="1295" type="stmt" count="0"/>
        <line num="1296" type="stmt" count="0"/>
        <line num="1297" type="stmt" count="0"/>
        <line num="1298" type="stmt" count="0"/>
        <line num="1299" type="stmt" count="0"/>
        <line num="1301" type="stmt" count="0"/>
        <line num="1302" type="stmt" count="0"/>
        <line num="1310" type="method" name="_auth_override_check" visibility="protected" complexity="27" crap="756.00" count="0"/>
        <line num="1311" type="stmt" count="0"/>
        <line num="1313" type="stmt" count="0"/>
        <line num="1316" type="stmt" count="0"/>
        <line num="1317" type="stmt" count="0"/>
        <line num="1319" type="stmt" count="0"/>
        <line num="1320" type="stmt" count="0"/>
        <line num="1322" type="stmt" count="0"/>
        <line num="1323" type="stmt" count="0"/>
        <line num="1324" type="stmt" count="0"/>
        <line num="1325" type="stmt" count="0"/>
        <line num="1328" type="stmt" count="0"/>
        <line num="1329" type="stmt" count="0"/>
        <line num="1330" type="stmt" count="0"/>
        <line num="1332" type="stmt" count="0"/>
        <line num="1333" type="stmt" count="0"/>
        <line num="1336" type="stmt" count="0"/>
        <line num="1337" type="stmt" count="0"/>
        <line num="1338" type="stmt" count="0"/>
        <line num="1340" type="stmt" count="0"/>
        <line num="1341" type="stmt" count="0"/>
        <line num="1344" type="stmt" count="0"/>
        <line num="1345" type="stmt" count="0"/>
        <line num="1346" type="stmt" count="0"/>
        <line num="1348" type="stmt" count="0"/>
        <line num="1349" type="stmt" count="0"/>
        <line num="1352" type="stmt" count="0"/>
        <line num="1353" type="stmt" count="0"/>
        <line num="1354" type="stmt" count="0"/>
        <line num="1356" type="stmt" count="0"/>
        <line num="1357" type="stmt" count="0"/>
        <line num="1358" type="stmt" count="0"/>
        <line num="1361" type="stmt" count="0"/>
        <line num="1362" type="stmt" count="0"/>
        <line num="1364" type="stmt" count="0"/>
        <line num="1365" type="stmt" count="0"/>
        <line num="1366" type="stmt" count="0"/>
        <line num="1367" type="stmt" count="0"/>
        <line num="1370" type="stmt" count="0"/>
        <line num="1371" type="stmt" count="0"/>
        <line num="1372" type="stmt" count="0"/>
        <line num="1374" type="stmt" count="0"/>
        <line num="1375" type="stmt" count="0"/>
        <line num="1378" type="stmt" count="0"/>
        <line num="1379" type="stmt" count="0"/>
        <line num="1380" type="stmt" count="0"/>
        <line num="1382" type="stmt" count="0"/>
        <line num="1383" type="stmt" count="0"/>
        <line num="1386" type="stmt" count="0"/>
        <line num="1387" type="stmt" count="0"/>
        <line num="1388" type="stmt" count="0"/>
        <line num="1390" type="stmt" count="0"/>
        <line num="1391" type="stmt" count="0"/>
        <line num="1394" type="stmt" count="0"/>
        <line num="1395" type="stmt" count="0"/>
        <line num="1396" type="stmt" count="0"/>
        <line num="1398" type="stmt" count="0"/>
        <line num="1399" type="stmt" count="0"/>
        <line num="1400" type="stmt" count="0"/>
        <line num="1401" type="stmt" count="0"/>
        <line num="1404" type="stmt" count="0"/>
        <line num="1407" type="stmt" count="0"/>
        <line num="1408" type="stmt" count="0"/>
        <line num="1410" type="stmt" count="0"/>
        <line num="1411" type="stmt" count="0"/>
        <line num="1413" type="stmt" count="0"/>
        <line num="1414" type="stmt" count="0"/>
        <line num="1415" type="stmt" count="0"/>
        <line num="1416" type="stmt" count="0"/>
        <line num="1419" type="stmt" count="0"/>
        <line num="1420" type="stmt" count="0"/>
        <line num="1421" type="stmt" count="0"/>
        <line num="1423" type="stmt" count="0"/>
        <line num="1424" type="stmt" count="0"/>
        <line num="1427" type="stmt" count="0"/>
        <line num="1428" type="stmt" count="0"/>
        <line num="1429" type="stmt" count="0"/>
        <line num="1431" type="stmt" count="0"/>
        <line num="1432" type="stmt" count="0"/>
        <line num="1435" type="stmt" count="0"/>
        <line num="1436" type="stmt" count="0"/>
        <line num="1437" type="stmt" count="0"/>
        <line num="1439" type="stmt" count="0"/>
        <line num="1440" type="stmt" count="0"/>
        <line num="1443" type="stmt" count="0"/>
        <line num="1444" type="stmt" count="0"/>
        <line num="1445" type="stmt" count="0"/>
        <line num="1447" type="stmt" count="0"/>
        <line num="1448" type="stmt" count="0"/>
        <line num="1449" type="stmt" count="0"/>
        <line num="1452" type="stmt" count="0"/>
        <line num="1453" type="stmt" count="0"/>
        <line num="1455" type="stmt" count="0"/>
        <line num="1456" type="stmt" count="0"/>
        <line num="1457" type="stmt" count="0"/>
        <line num="1458" type="stmt" count="0"/>
        <line num="1461" type="stmt" count="0"/>
        <line num="1462" type="stmt" count="0"/>
        <line num="1463" type="stmt" count="0"/>
        <line num="1465" type="stmt" count="0"/>
        <line num="1466" type="stmt" count="0"/>
        <line num="1469" type="stmt" count="0"/>
        <line num="1470" type="stmt" count="0"/>
        <line num="1471" type="stmt" count="0"/>
        <line num="1473" type="stmt" count="0"/>
        <line num="1474" type="stmt" count="0"/>
        <line num="1477" type="stmt" count="0"/>
        <line num="1478" type="stmt" count="0"/>
        <line num="1479" type="stmt" count="0"/>
        <line num="1481" type="stmt" count="0"/>
        <line num="1482" type="stmt" count="0"/>
        <line num="1485" type="stmt" count="0"/>
        <line num="1486" type="stmt" count="0"/>
        <line num="1487" type="stmt" count="0"/>
        <line num="1489" type="stmt" count="0"/>
        <line num="1490" type="stmt" count="0"/>
        <line num="1491" type="stmt" count="0"/>
        <line num="1492" type="stmt" count="0"/>
        <line num="1493" type="stmt" count="0"/>
        <line num="1494" type="stmt" count="0"/>
        <line num="1502" type="method" name="_parse_get" visibility="protected" complexity="1" crap="2.00" count="0"/>
        <line num="1503" type="stmt" count="0"/>
        <line num="1505" type="stmt" count="0"/>
        <line num="1506" type="stmt" count="0"/>
        <line num="1514" type="method" name="_parse_post" visibility="protected" complexity="2" crap="6.00" count="0"/>
        <line num="1515" type="stmt" count="0"/>
        <line num="1516" type="stmt" count="0"/>
        <line num="1518" type="stmt" count="0"/>
        <line num="1519" type="stmt" count="0"/>
        <line num="1520" type="stmt" count="0"/>
        <line num="1521" type="stmt" count="0"/>
        <line num="1522" type="stmt" count="0"/>
        <line num="1530" type="method" name="_parse_put" visibility="protected" complexity="4" crap="20.00" count="0"/>
        <line num="1531" type="stmt" count="0"/>
        <line num="1532" type="stmt" count="0"/>
        <line num="1533" type="stmt" count="0"/>
        <line num="1534" type="stmt" count="0"/>
        <line num="1535" type="stmt" count="0"/>
        <line num="1536" type="stmt" count="0"/>
        <line num="1537" type="stmt" count="0"/>
        <line num="1538" type="stmt" count="0"/>
        <line num="1539" type="stmt" count="0"/>
        <line num="1540" type="stmt" count="0"/>
        <line num="1541" type="stmt" count="0"/>
        <line num="1543" type="stmt" count="0"/>
        <line num="1544" type="stmt" count="0"/>
        <line num="1545" type="stmt" count="0"/>
        <line num="1553" type="method" name="_parse_head" visibility="protected" complexity="1" crap="2.00" count="0"/>
        <line num="1554" type="stmt" count="0"/>
        <line num="1556" type="stmt" count="0"/>
        <line num="1559" type="stmt" count="0"/>
        <line num="1560" type="stmt" count="0"/>
        <line num="1568" type="method" name="_parse_options" visibility="protected" complexity="1" crap="2.00" count="0"/>
        <line num="1569" type="stmt" count="0"/>
        <line num="1571" type="stmt" count="0"/>
        <line num="1574" type="stmt" count="0"/>
        <line num="1575" type="stmt" count="0"/>
        <line num="1583" type="method" name="_parse_patch" visibility="protected" complexity="3" crap="12.00" count="0"/>
        <line num="1584" type="stmt" count="0"/>
        <line num="1586" type="stmt" count="0"/>
        <line num="1587" type="stmt" count="0"/>
        <line num="1588" type="stmt" count="0"/>
        <line num="1589" type="stmt" count="0"/>
        <line num="1590" type="stmt" count="0"/>
        <line num="1591" type="stmt" count="0"/>
        <line num="1593" type="stmt" count="0"/>
        <line num="1594" type="stmt" count="0"/>
        <line num="1595" type="stmt" count="0"/>
        <line num="1603" type="method" name="_parse_delete" visibility="protected" complexity="2" crap="6.00" count="0"/>
        <line num="1604" type="stmt" count="0"/>
        <line num="1606" type="stmt" count="0"/>
        <line num="1607" type="stmt" count="0"/>
        <line num="1608" type="stmt" count="0"/>
        <line num="1609" type="stmt" count="0"/>
        <line num="1610" type="stmt" count="0"/>
        <line num="1618" type="method" name="_parse_query" visibility="protected" complexity="1" crap="2.00" count="0"/>
        <line num="1619" type="stmt" count="0"/>
        <line num="1620" type="stmt" count="0"/>
        <line num="1621" type="stmt" count="0"/>
        <line num="1634" type="method" name="get" visibility="public" complexity="3" crap="12.00" count="0"/>
        <line num="1635" type="stmt" count="0"/>
        <line num="1636" type="stmt" count="0"/>
        <line num="1637" type="stmt" count="0"/>
        <line num="1638" type="stmt" count="0"/>
        <line num="1639" type="stmt" count="0"/>
        <line num="1641" type="stmt" count="0"/>
        <line num="1642" type="stmt" count="0"/>
        <line num="1653" type="method" name="options" visibility="public" complexity="3" crap="12.00" count="0"/>
        <line num="1654" type="stmt" count="0"/>
        <line num="1655" type="stmt" count="0"/>
        <line num="1656" type="stmt" count="0"/>
        <line num="1657" type="stmt" count="0"/>
        <line num="1658" type="stmt" count="0"/>
        <line num="1660" type="stmt" count="0"/>
        <line num="1661" type="stmt" count="0"/>
        <line num="1672" type="method" name="head" visibility="public" complexity="3" crap="12.00" count="0"/>
        <line num="1673" type="stmt" count="0"/>
        <line num="1674" type="stmt" count="0"/>
        <line num="1675" type="stmt" count="0"/>
        <line num="1676" type="stmt" count="0"/>
        <line num="1677" type="stmt" count="0"/>
        <line num="1679" type="stmt" count="0"/>
        <line num="1680" type="stmt" count="0"/>
        <line num="1691" type="method" name="post" visibility="public" complexity="3" crap="12.00" count="0"/>
        <line num="1692" type="stmt" count="0"/>
        <line num="1693" type="stmt" count="0"/>
        <line num="1694" type="stmt" count="0"/>
        <line num="1695" type="stmt" count="0"/>
        <line num="1696" type="stmt" count="0"/>
        <line num="1698" type="stmt" count="0"/>
        <line num="1699" type="stmt" count="0"/>
        <line num="1710" type="method" name="put" visibility="public" complexity="3" crap="12.00" count="0"/>
        <line num="1711" type="stmt" count="0"/>
        <line num="1712" type="stmt" count="0"/>
        <line num="1713" type="stmt" count="0"/>
        <line num="1714" type="stmt" count="0"/>
        <line num="1715" type="stmt" count="0"/>
        <line num="1717" type="stmt" count="0"/>
        <line num="1718" type="stmt" count="0"/>
        <line num="1729" type="method" name="delete" visibility="public" complexity="3" crap="12.00" count="0"/>
        <line num="1730" type="stmt" count="0"/>
        <line num="1731" type="stmt" count="0"/>
        <line num="1732" type="stmt" count="0"/>
        <line num="1733" type="stmt" count="0"/>
        <line num="1734" type="stmt" count="0"/>
        <line num="1736" type="stmt" count="0"/>
        <line num="1737" type="stmt" count="0"/>
        <line num="1748" type="method" name="patch" visibility="public" complexity="3" crap="12.00" count="0"/>
        <line num="1749" type="stmt" count="0"/>
        <line num="1750" type="stmt" count="0"/>
        <line num="1751" type="stmt" count="0"/>
        <line num="1752" type="stmt" count="0"/>
        <line num="1753" type="stmt" count="0"/>
        <line num="1755" type="stmt" count="0"/>
        <line num="1756" type="stmt" count="0"/>
        <line num="1767" type="method" name="query" visibility="public" complexity="3" crap="12.00" count="0"/>
        <line num="1768" type="stmt" count="0"/>
        <line num="1769" type="stmt" count="0"/>
        <line num="1770" type="stmt" count="0"/>
        <line num="1771" type="stmt" count="0"/>
        <line num="1772" type="stmt" count="0"/>
        <line num="1774" type="stmt" count="0"/>
        <line num="1775" type="stmt" count="0"/>
        <line num="1786" type="method" name="_xss_clean" visibility="protected" complexity="3" crap="12.00" count="0"/>
        <line num="1787" type="stmt" count="0"/>
        <line num="1788" type="stmt" count="0"/>
        <line num="1790" type="stmt" count="0"/>
        <line num="1791" type="stmt" count="0"/>
        <line num="1799" type="method" name="validation_errors" visibility="public" complexity="1" crap="2.00" count="0"/>
        <line num="1800" type="stmt" count="0"/>
        <line num="1801" type="stmt" count="0"/>
        <line num="1803" type="stmt" count="0"/>
        <line num="1804" type="stmt" count="0"/>
        <line num="1816" type="method" name="_perform_ldap_auth" visibility="protected" complexity="10" crap="110.00" count="0"/>
        <line num="1817" type="stmt" count="0"/>
        <line num="1818" type="stmt" count="0"/>
        <line num="1819" type="stmt" count="0"/>
        <line num="1820" type="stmt" count="0"/>
        <line num="1821" type="stmt" count="0"/>
        <line num="1822" type="stmt" count="0"/>
        <line num="1824" type="stmt" count="0"/>
        <line num="1826" type="stmt" count="0"/>
        <line num="1828" type="stmt" count="0"/>
        <line num="1829" type="stmt" count="0"/>
        <line num="1830" type="stmt" count="0"/>
        <line num="1831" type="stmt" count="0"/>
        <line num="1832" type="stmt" count="0"/>
        <line num="1833" type="stmt" count="0"/>
        <line num="1834" type="stmt" count="0"/>
        <line num="1835" type="stmt" count="0"/>
        <line num="1837" type="stmt" count="0"/>
        <line num="1840" type="stmt" count="0"/>
        <line num="1841" type="stmt" count="0"/>
        <line num="1842" type="stmt" count="0"/>
        <line num="1843" type="stmt" count="0"/>
        <line num="1845" type="stmt" count="0"/>
        <line num="1847" type="stmt" count="0"/>
        <line num="1850" type="stmt" count="0"/>
        <line num="1853" type="stmt" count="0"/>
        <line num="1854" type="stmt" count="0"/>
        <line num="1855" type="stmt" count="0"/>
        <line num="1856" type="stmt" count="0"/>
        <line num="1857" type="stmt" count="0"/>
        <line num="1859" type="stmt" count="0"/>
        <line num="1860" type="stmt" count="0"/>
        <line num="1863" type="stmt" count="0"/>
        <line num="1864" type="stmt" count="0"/>
        <line num="1865" type="stmt" count="0"/>
        <line num="1866" type="stmt" count="0"/>
        <line num="1867" type="stmt" count="0"/>
        <line num="1869" type="stmt" count="0"/>
        <line num="1870" type="stmt" count="0"/>
        <line num="1871" type="stmt" count="0"/>
        <line num="1872" type="stmt" count="0"/>
        <line num="1873" type="stmt" count="0"/>
        <line num="1875" type="stmt" count="0"/>
        <line num="1876" type="stmt" count="0"/>
        <line num="1877" type="stmt" count="0"/>
        <line num="1878" type="stmt" count="0"/>
        <line num="1879" type="stmt" count="0"/>
        <line num="1881" type="stmt" count="0"/>
        <line num="1882" type="stmt" count="0"/>
        <line num="1883" type="stmt" count="0"/>
        <line num="1884" type="stmt" count="0"/>
        <line num="1885" type="stmt" count="0"/>
        <line num="1888" type="stmt" count="0"/>
        <line num="1889" type="stmt" count="0"/>
        <line num="1890" type="stmt" count="0"/>
        <line num="1891" type="stmt" count="0"/>
        <line num="1892" type="stmt" count="0"/>
        <line num="1894" type="stmt" count="0"/>
[...]
      <line num="51" type="method" name="updates" visibility="public" complexity="1" crap="2.00" count="0"/>
      <line num="53" type="stmt" count="0"/>
      <line num="54" type="stmt" count="0"/>
      <line num="55" type="stmt" count="0"/>
      <line num="56" type="stmt" count="0"/>
      <line num="58" type="stmt" count="0"/>
      <line num="59" type="stmt" count="0"/>
      <line num="65" type="method" name="find" visibility="public" complexity="1" crap="2.00" count="0"/>
      <line num="67" type="stmt" count="0"/>
      <line num="68" type="stmt" count="0"/>
      <metrics loc="70" ncloc="41" classes="1" methods="5" coveredmethods="0" conditionals="0" coveredconditionals="0" statements="24" coveredstatements="0" elements="29" coveredelements="0"/>
    </file>
    <file name="/var/www/html/codeigniter/application/models/Registermodel.php">
      <class name="Registermodel" namespace="global">
        <metrics complexity="4" methods="4" coveredmethods="0" conditionals="0" coveredconditionals="0" statements="23" coveredstatements="0" elements="27" coveredelements="0"/>
      </class>
      <line num="8" type="method" name="insert_form" visibility="public" complexity="1" crap="2.00" count="0"/>
      <line num="9" type="stmt" count="0"/>
      <line num="10" type="stmt" count="0"/>
      <line num="11" type="stmt" count="0"/>
      <line num="12" type="stmt" count="0"/>
      <line num="13" type="stmt" count="0"/>
      <line num="14" type="stmt" count="0"/>
      <line num="17" type="stmt" count="0"/>
      <line num="18" type="stmt" count="0"/>
      <line num="19" type="stmt" count="0"/>
      <line num="24" type="method" name="finduser" visibility="public" complexity="1" crap="2.00" count="0"/>
      <line num="25" type="stmt" count="0"/>
      <line num="26" type="stmt" count="0"/>
      <line num="27" type="stmt" count="0"/>
      <line num="29" type="stmt" count="0"/>
      <line num="30" type="stmt" count="0"/>
      <line num="31" type="stmt" count="0"/>
      <line num="32" type="method" name="finddetails" visibility="public" complexity="1" crap="2.00" count="0"/>
      <line num="33" type="stmt" count="0"/>
      <line num="34" type="stmt" count="0"/>
      <line num="35" type="stmt" count="0"/>
      <line num="37" type="stmt" count="0"/>
      <line num="38" type="stmt" count="0"/>
      <line num="39" type="stmt" count="0"/>
      <line num="40" type="method" name="registration" visibility="public" complexity="1" crap="2.00" count="0"/>
      <line num="41" type="stmt" count="0"/>
      <line num="43" type="stmt" count="0"/>
      <metrics loc="44" ncloc="30" classes="1" methods="4" coveredmethods="0" conditionals="0" coveredconditionals="0" statements="23" coveredstatements="0" elements="27" coveredelements="0"/>
    </file>
    <file name="/var/www/html/codeigniter/application/views/errors/cli/error_404.php">
      <line num="2" type="stmt" count="0"/>
      <line num="4" type="stmt" count="0"/>
      <line num="5" type="stmt" count="0"/>
      <line num="6" type="stmt" count="0"/>
      <line num="7" type="stmt" count="0"/>
      <line num="8" type="stmt" count="0"/>
      <metrics loc="7" ncloc="7" classes="0" methods="0" coveredmethods="0" conditionals="0" coveredconditionals="0" statements="5" coveredstatements="0" elements="5" coveredelements="0"/>
    </file>
    <file name="/var/www/html/codeigniter/application/views/errors/cli/error_db.php">
      <line num="2" type="stmt" count="0"/>
      <line num="4" type="stmt" count="0"/>
      <line num="5" type="stmt" count="0"/>
      <line num="6" type="stmt" count="0"/>
      <line num="7" type="stmt" count="0"/>
      <line num="8" type="stmt" count="0"/>
      <metrics loc="7" ncloc="7" classes="0" methods="0" coveredmethods="0" conditionals="0" coveredconditionals="0" statements="5" coveredstatements="0" elements="5" coveredelements="0"/>
    </file>
    <file name="/var/www/html/codeigniter/application/views/errors/cli/error_exception.php">
      <line num="3" type="stmt" count="0"/>
      <line num="12" type="stmt" count="0"/>
      <metrics loc="21" ncloc="21" classes="0" methods="0" coveredmethods="0" conditionals="0" coveredconditionals="0" statements="2" coveredstatements="0" elements="2" coveredelements="0"/>
    </file>
    <file name="/var/www/html/codeigniter/application/views/errors/cli/error_general.php">
      <line num="2" type="stmt" count="0"/>
      <line num="4" type="stmt" count="0"/>
      <line num="5" type="stmt" count="0"/>
      <line num="6" type="stmt" count="0"/>
      <line num="7" type="stmt" count="0"/>
      <line num="8" type="stmt" count="0"/>
      <metrics loc="7" ncloc="7" classes="0" methods="0" coveredmethods="0" conditionals="0" coveredconditionals="0" statements="5" coveredstatements="0" elements="5" coveredelements="0"/>
    </file>
    <file name="/var/www/html/codeigniter/application/views/errors/cli/error_php.php">
      <line num="3" type="stmt" count="0"/>
      <line num="12" type="stmt" count="0"/>
      <metrics loc="21" ncloc="21" classes="0" methods="0" coveredmethods="0" conditionals="0" coveredconditionals="0" statements="2" coveredstatements="0" elements="2" coveredelements="0"/>
    </file>
    <file name="/var/www/html/codeigniter/application/views/errors/html/error_404.php">
      <line num="2" type="stmt" count="0"/>
      <line num="4" type="stmt" count="0"/>
      <line num="5" type="stmt" count="0"/>
      <line num="6" type="stmt" count="0"/>
      <line num="7" type="stmt" count="0"/>
      <line num="8" type="stmt" count="0"/>
      <line num="10" type="stmt" count="0"/>
      <line num="11" type="stmt" count="0"/>
      <line num="13" type="stmt" count="0"/>
      <line num="14" type="stmt" count="0"/>
      <line num="15" type="stmt" count="0"/>
      <line num="16" type="stmt" count="0"/>
      <line num="17" type="stmt" count="0"/>
      <line num="18" type="stmt" count="0"/>
      <line num="20" type="stmt" count="0"/>
      <line num="21" type="stmt" count="0"/>
      <line num="22" type="stmt" count="0"/>
      <line num="23" type="stmt" count="0"/>
      <line num="24" type="stmt" count="0"/>
      <line num="26" type="stmt" count="0"/>
      <line num="27" type="stmt" count="0"/>
      <line num="28" type="stmt" count="0"/>
      <line num="29" type="stmt" count="0"/>
      <line num="30" type="stmt" count="0"/>
      <line num="31" type="stmt" count="0"/>
      <line num="32" type="stmt" count="0"/>
      <line num="33" type="stmt" count="0"/>
      <line num="34" type="stmt" count="0"/>
      <line num="36" type="stmt" count="0"/>
      <line num="37" type="stmt" count="0"/>
      <line num="38" type="stmt" count="0"/>
      <line num="39" type="stmt" count="0"/>
      <line num="40" type="stmt" count="0"/>
      <line num="41" type="stmt" count="0"/>
      <line num="42" type="stmt" count="0"/>
      <line num="43" type="stmt" count="0"/>
      <line num="44" type="stmt" count="0"/>
      <line num="45" type="stmt" count="0"/>
      <line num="47" type="stmt" count="0"/>
      <line num="48" type="stmt" count="0"/>
      <line num="49" type="stmt" count="0"/>
      <line num="50" type="stmt" count="0"/>
      <line num="51" type="stmt" count="0"/>
      <line num="53" type="stmt" count="0"/>
      <line num="54" type="stmt" count="0"/>
      <line num="55" type="stmt" count="0"/>
      <line num="56" type="stmt" count="0"/>
      <line num="57" type="stmt" count="0"/>
      <line num="58" type="stmt" count="0"/>
      <line num="59" type="stmt" count="0"/>
      <line num="62" type="stmt" count="0"/>
      <line num="63" type="stmt" count="0"/>
      <line num="64" type="stmt" count="0"/>
      <metrics loc="63" ncloc="63" classes="0" methods="0" coveredmethods="0" conditionals="0" coveredconditionals="0" statements="52" coveredstatements="0" elements="52" coveredelements="0"/>
    </file>
    <file name="/var/www/html/codeigniter/application/views/errors/html/error_db.php">
      <line num="2" type="stmt" count="0"/>
      <line num="4" type="stmt" count="0"/>
      <line num="5" type="stmt" count="0"/>
      <line num="6" type="stmt" count="0"/>
      <line num="7" type="stmt" count="0"/>
      <line num="8" type="stmt" count="0"/>
      <line num="10" type="stmt" count="0"/>
      <line num="11" type="stmt" count="0"/>
      <line num="13" type="stmt" count="0"/>
      <line num="14" type="stmt" count="0"/>
      <line num="15" type="stmt" count="0"/>
      <line num="16" type="stmt" count="0"/>
      <line num="17" type="stmt" count="0"/>
      <line num="18" type="stmt" count="0"/>
      <line num="20" type="stmt" count="0"/>
      <line num="21" type="stmt" count="0"/>
      <line num="22" type="stmt" count="0"/>
      <line num="23" type="stmt" count="0"/>
      <line num="24" type="stmt" count="0"/>
      <line num="26" type="stmt" count="0"/>
      <line num="27" type="stmt" count="0"/>
      <line num="28" type="stmt" count="0"/>
      <line num="29" type="stmt" count="0"/>
      <line num="30" type="stmt" count="0"/>
      <line num="31" type="stmt" count="0"/>
      <line num="32" type="stmt" count="0"/>
      <line num="33" type="stmt" count="0"/>
      <line num="34" type="stmt" count="0"/>
      <line num="36" type="stmt" count="0"/>
      <line num="37" type="stmt" count="0"/>
      <line num="38" type="stmt" count="0"/>
      <line num="39" type="stmt" count="0"/>
      <line num="40" type="stmt" count="0"/>
      <line num="41" type="stmt" count="0"/>
      <line num="42" type="stmt" count="0"/>
      <line num="43" type="stmt" count="0"/>
      <line num="44" type="stmt" count="0"/>
      <line num="45" type="stmt" count="0"/>
      <line num="47" type="stmt" count="0"/>
      <line num="48" type="stmt" count="0"/>
      <line num="49" type="stmt" count="0"/>
      <line num="50" type="stmt" count="0"/>
      <line num="51" type="stmt" count="0"/>
      <line num="53" type="stmt" count="0"/>
      <line num="54" type="stmt" count="0"/>
      <line num="55" type="stmt" count="0"/>
      <line num="56" type="stmt" count="0"/>
      <line num="57" type="stmt" count="0"/>
      <line num="58" type="stmt" count="0"/>
      <line num="59" type="stmt" count="0"/>
      <line num="62" type="stmt" count="0"/>
      <line num="63" type="stmt" count="0"/>
      <line num="64" type="stmt" count="0"/>
      <metrics loc="63" ncloc="63" classes="0" methods="0" coveredmethods="0" conditionals="0" coveredconditionals="0" statements="52" coveredstatements="0" elements="52" coveredelements="0"/>
    </file>
    <file name="/var/www/html/codeigniter/application/views/errors/html/error_exception.php">
      <line num="2" type="stmt" count="0"/>
      <line num="5" type="stmt" count="0"/>
      <line num="7" type="stmt" count="0"/>
      <line num="16" type="stmt" count="0"/>
      <line num="21" type="stmt" count="0"/>
      <line num="25" type="stmt" count="0"/>
      <line num="32" type="stmt" count="0"/>
      <metrics loc="31" ncloc="31" classes="0" methods="0" coveredmethods="0" conditionals="0" coveredconditionals="0" statements="6" coveredstatements="0" elements="6" coveredelements="0"/>
    </file>
    <file name="/var/www/html/codeigniter/application/views/errors/html/error_general.php">
      <line num="2" type="stmt" count="0"/>
      <line num="4" type="stmt" count="0"/>
      <line num="5" type="stmt" count="0"/>
      <line num="6" type="stmt" count="0"/>
      <line num="7" type="stmt" count="0"/>
      <line num="8" type="stmt" count="0"/>
      <line num="10" type="stmt" count="0"/>
      <line num="11" type="stmt" count="0"/>
      <line num="13" type="stmt" count="0"/>
      <line num="14" type="stmt" count="0"/>
      <line num="15" type="stmt" count="0"/>
      <line num="16" type="stmt" count="0"/>
      <line num="17" type="stmt" count="0"/>
      <line num="18" type="stmt" count="0"/>
      <line num="20" type="stmt" count="0"/>
      <line num="21" type="stmt" count="0"/>
      <line num="22" type="stmt" count="0"/>
      <line num="23" type="stmt" count="0"/>
      <line num="24" type="stmt" count="0"/>
      <line num="26" type="stmt" count="0"/>
      <line num="27" type="stmt" count="0"/>
      <line num="28" type="stmt" count="0"/>
      <line num="29" type="stmt" count="0"/>
      <line num="30" type="stmt" count="0"/>
      <line num="31" type="stmt" count="0"/>
      <line num="32" type="stmt" count="0"/>
      <line num="33" type="stmt" count="0"/>
      <line num="34" type="stmt" count="0"/>
      <line num="36" type="stmt" count="0"/>
      <line num="37" type="stmt" count="0"/>
      <line num="38" type="stmt" count="0"/>
      <line num="39" type="stmt" count="0"/>
      <line num="40" type="stmt" count="0"/>
      <line num="41" type="stmt" count="0"/>
      <line num="42" type="stmt" count="0"/>
      <line num="43" type="stmt" count="0"/>
      <line num="44" type="stmt" count="0"/>
      <line num="45" type="stmt" count="0"/>
      <line num="47" type="stmt" count="0"/>
      <line num="48" type="stmt" count="0"/>
      <line num="49" type="stmt" count="0"/>
      <line num="50" type="stmt" count="0"/>
      <line num="51" type="stmt" count="0"/>
      <line num="53" type="stmt" count="0"/>
      <line num="54" type="stmt" count="0"/>
      <line num="55" type="stmt" count="0"/>
      <line num="56" type="stmt" count="0"/>
      <line num="57" type="stmt" count="0"/>
      <line num="58" type="stmt" count="0"/>
      <line num="59" type="stmt" count="0"/>
      <line num="62" type="stmt" count="0"/>
      <line num="63" type="stmt" count="0"/>
      <line num="64" type="stmt" count="0"/>
      <metrics loc="63" ncloc="63" classes="0" methods="0" coveredmethods="0" conditionals="0" coveredconditionals="0" statements="52" coveredstatements="0" elements="52" coveredelements="0"/>
    </file>
    <file name="/var/www/html/codeigniter/application/views/errors/html/error_php.php">
      <line num="2" type="stmt" count="0"/>
      <line num="5" type="stmt" count="0"/>
      <line num="7" type="stmt" count="0"/>
      <line num="16" type="stmt" count="0"/>
      <line num="21" type="stmt" count="0"/>
      <line num="25" type="stmt" count="0"/>
      <line num="33" type="stmt" count="0"/>
      <metrics loc="32" ncloc="32" classes="0" methods="0" coveredmethods="0" conditionals="0" coveredconditionals="0" statements="6" coveredstatements="0" elements="6" coveredelements="0"/>
    </file>
    <file name="/var/www/html/codeigniter/application/views/showdata.php">
      <line num="1" type="stmt" count="0"/>
      <line num="2" type="stmt" count="0"/>
      <line num="3" type="stmt" count="0"/>
      <line num="4" type="stmt" count="0"/>
      <line num="5" type="stmt" count="0"/>
      <line num="6" type="stmt" count="0"/>
      <line num="8" type="stmt" count="0"/>
      <line num="9" type="stmt" count="0"/>
      <line num="11" type="stmt" count="0"/>
      <line num="14" type="stmt" count="0"/>
      <line num="16" type="stmt" count="0"/>
      <line num="18" type="stmt" count="0"/>
      <line num="19" type="stmt" count="0"/>
      <line num="20" type="stmt" count="0"/>
      <metrics loc="20" ncloc="20" classes="0" methods="0" coveredmethods="0" conditionals="0" coveredconditionals="0" statements="14" coveredstatements="0" elements="14" coveredelements="0"/>
    </file>
    <file name="/var/www/html/codeigniter/application/views/showdataone.php">
      <line num="1" type="stmt" count="0"/>
      <line num="2" type="stmt" count="0"/>
      <line num="3" type="stmt" count="0"/>
      <line num="4" type="stmt" count="0"/>
      <line num="5" type="stmt" count="0"/>
      <line num="6" type="stmt" count="0"/>
      <line num="7" type="stmt" count="0"/>
      <line num="8" type="stmt" count="0"/>
      <line num="9" type="stmt" count="0"/>
      <line num="10" type="stmt" count="0"/>
      <line num="11" type="stmt" count="0"/>
      <line num="13" type="stmt" count="0"/>
      <line num="14" type="stmt" count="0"/>
      <line num="16" type="stmt" count="0"/>
      <line num="21" type="stmt" count="0"/>
      <metrics loc="21" ncloc="21" classes="0" methods="0" coveredmethods="0" conditionals="0" coveredconditionals="0" statements="15" coveredstatements="0" elements="15" coveredelements="0"/>
    </file>
    <file name="/var/www/html/codeigniter/application/views/welcome_message.php">
      <line num="2" type="stmt" count="0"/>
      <line num="4" type="stmt" count="0"/>
      <line num="5" type="stmt" count="0"/>
      <line num="6" type="stmt" count="0"/>
      <line num="7" type="stmt" count="0"/>
      <line num="9" type="stmt" count="0"/>
      <line num="11" type="stmt" count="0"/>
      <line num="12" type="stmt" count="0"/>
      <line num="14" type="stmt" count="0"/>
      <line num="15" type="stmt" count="0"/>
      <line num="16" type="stmt" count="0"/>
      <line num="17" type="stmt" count="0"/>
      <line num="18" type="stmt" count="0"/>
      <line num="19" type="stmt" count="0"/>
      <line num="21" type="stmt" count="0"/>
      <line num="22" type="stmt" count="0"/>
      <line num="23" type="stmt" count="0"/>
      <line num="24" type="stmt" count="0"/>
      <line num="25" type="stmt" count="0"/>
      <line num="27" type="stmt" count="0"/>
      <line num="28" type="stmt" count="0"/>
      <line num="29" type="stmt" count="0"/>
      <line num="30" type="stmt" count="0"/>
      <line num="31" type="stmt" count="0"/>
      <line num="32" type="stmt" count="0"/>
      <line num="33" type="stmt" count="0"/>
      <line num="34" type="stmt" count="0"/>
      <line num="35" type="stmt" count="0"/>
      <line num="37" type="stmt" count="0"/>
      <line num="38" type="stmt" count="0"/>
      <line num="39" type="stmt" count="0"/>
      <line num="40" type="stmt" count="0"/>
      <line num="41" type="stmt" count="0"/>
      <line num="42" type="stmt" count="0"/>
      <line num="43" type="stmt" count="0"/>
      <line num="44" type="stmt" count="0"/>
      <line num="45" type="stmt" count="0"/>
      <line num="46" type="stmt" count="0"/>
      <line num="48" type="stmt" count="0"/>
      <line num="49" type="stmt" count="0"/>
      <line num="50" type="stmt" count="0"/>
      <line num="52" type="stmt" count="0"/>
      <line num="53" type="stmt" count="0"/>
      <line num="54" type="stmt" count="0"/>
      <line num="55" type="stmt" count="0"/>
      <line num="56" type="stmt" count="0"/>
      <line num="57" type="stmt" count="0"/>
      <line num="58" type="stmt" count="0"/>
      <line num="59" type="stmt" count="0"/>
      <line num="61" type="stmt" count="0"/>
      <line num="62" type="stmt" count="0"/>
      <line num="63" type="stmt" count="0"/>
      <line num="64" type="stmt" count="0"/>
      <line num="65" type="stmt" count="0"/>
      <line num="66" type="stmt" count="0"/>
      <line num="67" type="stmt" count="0"/>
      <line num="68" type="stmt" count="0"/>
      <line num="70" type="stmt" count="0"/>
      <line num="71" type="stmt" count="0"/>
      <line num="73" type="stmt" count="0"/>
      <line num="74" type="stmt" count="0"/>
      <line num="76" type="stmt" count="0"/>
      <line num="77" type="stmt" count="0"/>
      <line num="79" type="stmt" count="0"/>
      <line num="80" type="stmt" count="0"/>
      <line num="82" type="stmt" count="0"/>
      <line num="83" type="stmt" count="0"/>
      <line num="86" type="stmt" count="0"/>
      <line num="88" type="stmt" count="0"/>
      <line num="89" type="stmt" count="0"/>
      <metrics loc="88" ncloc="88" classes="0" methods="0" coveredmethods="0" conditionals="0" coveredconditionals="0" statements="69" coveredstatements="0" elements="69" coveredelements="0"/>
    </file>
    <metrics files="30" loc="3921" ncloc="2483" classes="17" methods="111" coveredmethods="0" conditionals="0" coveredconditionals="0" statements="1928" coveredstatements="0" elements="2039" coveredelements="0"/>
  </project>
</coverage>
